2026-03-29 15:01:26 notice: Colon prefixed route placeholders like `:foo` are deprecated. Use braced placeholders like `{foo}` instead.
/var/www/vhosts/website.com/www/sourceFiles/vendor/cakephp/cakephp/src/Routing/Route/Route.php, line: 303
You can disable all deprecation warnings by setting `Error.errorLevel` to `E_ALL & ~E_USER_DEPRECATED`. Adding `vendor/cakephp/cakephp/src/Routing/Route/Route.php` to `Error.ignoredDeprecationPaths` in your `config/app.php` config will mute deprecations from that file only.
Request URL: /en/CodeBlocks
Referer URL: http://localhost/init-web/
Client IP: 172.20.0.1
Trace:
/var/www/vhosts/website.com/www/sourceFiles/vendor/cakephp/cakephp/src/Core/functions.php /var/www/vhosts/website.com/www/sourceFiles/vendor/cakephp/cakephp/src/Core/functions.php, line 318
/var/www/vhosts/website.com/www/sourceFiles/vendor/cakephp/cakephp/src/Routing/Route/Route.php /var/www/vhosts/website.com/www/sourceFiles/vendor/cakephp/cakephp/src/Routing/Route/Route.php, line 343
Cake\Routing\Route\Route->_writeRoute() /var/www/vhosts/website.com/www/sourceFiles/vendor/cakephp/cakephp/src/Routing/Route/Route.php, line 303
Cake\Routing\Route\Route->compile() /var/www/vhosts/website.com/www/sourceFiles/vendor/cakephp/cakephp/src/Routing/Route/DashedRoute.php, line 101
Cake\Routing\Route\DashedRoute->match() /var/www/vhosts/website.com/www/sourceFiles/vendor/cakephp/cakephp/src/Routing/RouteCollection.php, line 379
Cake\Routing\RouteCollection->match() /var/www/vhosts/website.com/www/sourceFiles/vendor/cakephp/cakephp/src/Routing/Router.php, line 505
Cake\Routing\Router::url() /var/www/vhosts/website.com/www/sourceFiles/vendor/cakephp/cakephp/src/View/Helper/UrlHelper.php, line 91
Cake\View\Helper\UrlHelper->build() /var/www/vhosts/website.com/www/sourceFiles/vendor/cakephp/cakephp/src/View/Helper/HtmlHelper.php, line 258
Cake\View\Helper\HtmlHelper->link() /var/www/vhosts/website.com/www/sourceFiles/src/View/Helper/HtmlHelper.php, line 38
App\View\Helper\HtmlHelper->link() /var/www/vhosts/website.com/www/sourceFiles/templates/element/codeBlocks/layout/sidebar-menu.php, line 40
/var/www/vhosts/website.com/www/sourceFiles/vendor/cakephp/cakephp/src/View/View.php /var/www/vhosts/website.com/www/sourceFiles/vendor/cakephp/cakephp/src/View/View.php, line 1222
Cake\View\View->_evaluate() /var/www/vhosts/website.com/www/sourceFiles/vendor/cakephp/cakephp/src/View/View.php, line 1179
Cake\View\View->_render() /var/www/vhosts/website.com/www/sourceFiles/vendor/cakephp/cakephp/src/View/View.php, line 1731
Cake\View\View->_renderElement() /var/www/vhosts/website.com/www/sourceFiles/vendor/cakephp/cakephp/src/View/View.php, line 701
Cake\View\View->element() /var/www/vhosts/website.com/www/sourceFiles/templates/layout/code_blocks.php, line 133
/var/www/vhosts/website.com/www/sourceFiles/vendor/cakephp/cakephp/src/View/View.php /var/www/vhosts/website.com/www/sourceFiles/vendor/cakephp/cakephp/src/View/View.php, line 1222
Cake\View\View->_evaluate() /var/www/vhosts/website.com/www/sourceFiles/vendor/cakephp/cakephp/src/View/View.php, line 1179
Cake\View\View->_render() /var/www/vhosts/website.com/www/sourceFiles/vendor/cakephp/cakephp/src/View/View.php, line 862
Cake\View\View->renderLayout() /var/www/vhosts/website.com/www/sourceFiles/vendor/cakephp/cakephp/src/View/View.php, line 821
Cake\View\View->render() /var/www/vhosts/website.com/www/sourceFiles/vendor/cakephp/cakephp/src/Controller/Controller.php, line 790
Cake\Controller\Controller->render() /var/www/vhosts/website.com/www/sourceFiles/vendor/cakephp/cakephp/src/Controller/Controller.php, line 569
Cake\Controller\Controller->invokeAction() /var/www/vhosts/website.com/www/sourceFiles/vendor/cakephp/cakephp/src/Controller/ControllerFactory.php, line 140
Cake\Controller\ControllerFactory->handle() /var/www/vhosts/website.com/www/sourceFiles/vendor/cakephp/cakephp/src/Controller/ControllerFactory.php, line 115
Cake\Controller\ControllerFactory->invoke() /var/www/vhosts/website.com/www/sourceFiles/vendor/cakephp/cakephp/src/Http/BaseApplication.php, line 325
Cake\Http\BaseApplication->handle() /var/www/vhosts/website.com/www/sourceFiles/vendor/cakephp/cakephp/src/Http/Runner.php, line 86
Cake\Http\Runner->handle() /var/www/vhosts/website.com/www/sourceFiles/vendor/cakephp/cakephp/src/Http/Middleware/CsrfProtectionMiddleware.php, line 176
Cake\Http\Middleware\CsrfProtectionMiddleware->process() /var/www/vhosts/website.com/www/sourceFiles/vendor/cakephp/cakephp/src/Http/Runner.php, line 82
Cake\Http\Runner->handle() /var/www/vhosts/website.com/www/sourceFiles/src/Middleware/AccessMiddleware.php, line 74
App\Middleware\AccessMiddleware->process() /var/www/vhosts/website.com/www/sourceFiles/vendor/cakephp/cakephp/src/Http/Runner.php, line 82
Cake\Http\Runner->handle() /var/www/vhosts/website.com/www/sourceFiles/src/Middleware/RbacMiddleware.php, line 32
App\Middleware\RbacMiddleware->process() /var/www/vhosts/website.com/www/sourceFiles/vendor/cakephp/cakephp/src/Http/Runner.php, line 82
Cake\Http\Runner->handle() /var/www/vhosts/website.com/www/sourceFiles/src/Middleware/LangMiddleware.php, line 86
App\Middleware\LangMiddleware->process() /var/www/vhosts/website.com/www/sourceFiles/vendor/cakephp/cakephp/src/Http/Runner.php, line 82
Cake\Http\Runner->handle() /var/www/vhosts/website.com/www/sourceFiles/vendor/cakephp/authentication/src/Middleware/AuthenticationMiddleware.php, line 145
Authentication\Middleware\AuthenticationMiddleware->process() /var/www/vhosts/website.com/www/sourceFiles/vendor/cakephp/cakephp/src/Http/Runner.php, line 82
Cake\Http\Runner->handle() /var/www/vhosts/website.com/www/sourceFiles/vendor/cakephp/cakephp/src/Http/Middleware/EncryptedCookieMiddleware.php, line 93
Cake\Http\Middleware\EncryptedCookieMiddleware->process() /var/www/vhosts/website.com/www/sourceFiles/vendor/cakephp/cakephp/src/Http/Runner.php, line 82
Cake\Http\Runner->handle() /var/www/vhosts/website.com/www/sourceFiles/vendor/cakephp/cakephp/src/Http/Middleware/BodyParserMiddleware.php, line 157
Cake\Http\Middleware\BodyParserMiddleware->process() /var/www/vhosts/website.com/www/sourceFiles/vendor/cakephp/cakephp/src/Http/Runner.php, line 82
Cake\Http\Runner->handle() /var/www/vhosts/website.com/www/sourceFiles/vendor/cakephp/cakephp/src/Routing/Middleware/RoutingMiddleware.php, line 189
Cake\Routing\Middleware\RoutingMiddleware->process() /var/www/vhosts/website.com/www/sourceFiles/vendor/cakephp/cakephp/src/Http/Runner.php, line 82
Cake\Http\Runner->handle() /var/www/vhosts/website.com/www/sourceFiles/vendor/cakephp/cakephp/src/Routing/Middleware/AssetMiddleware.php, line 68
Cake\Routing\Middleware\AssetMiddleware->process() /var/www/vhosts/website.com/www/sourceFiles/vendor/cakephp/cakephp/src/Http/Runner.php, line 82
Cake\Http\Runner->handle() /var/www/vhosts/website.com/www/sourceFiles/vendor/cakephp/cakephp/src/Error/Middleware/ErrorHandlerMiddleware.php, line 149
Cake\Error\Middleware\ErrorHandlerMiddleware->process() /var/www/vhosts/website.com/www/sourceFiles/vendor/cakephp/cakephp/src/Http/Runner.php, line 82
Cake\Http\Runner->handle() /var/www/vhosts/website.com/www/sourceFiles/vendor/cakephp/debug_kit/src/Middleware/DebugKitMiddleware.php, line 60
DebugKit\Middleware\DebugKitMiddleware->process() /var/www/vhosts/website.com/www/sourceFiles/vendor/cakephp/cakephp/src/Http/Runner.php, line 82
Cake\Http\Runner->handle() /var/www/vhosts/website.com/www/sourceFiles/vendor/cakephp/cakephp/src/Http/Runner.php, line 67
Cake\Http\Runner->run() /var/www/vhosts/website.com/www/sourceFiles/vendor/cakephp/cakephp/src/Http/Server.php, line 99
Cake\Http\Server->run() /var/www/vhosts/website.com/www/sourceFiles/webroot/index.php, line 40
[main]

2026-03-29 15:01:28 notice: Colon prefixed route placeholders like `:foo` are deprecated. Use braced placeholders like `{foo}` instead.
/var/www/vhosts/website.com/www/sourceFiles/vendor/cakephp/cakephp/src/Routing/Route/Route.php, line: 303
You can disable all deprecation warnings by setting `Error.errorLevel` to `E_ALL & ~E_USER_DEPRECATED`. Adding `vendor/cakephp/cakephp/src/Routing/Route/Route.php` to `Error.ignoredDeprecationPaths` in your `config/app.php` config will mute deprecations from that file only.
Request URL: /en/code-blocks/application-foundation
Referer URL: http://localhost/sourceFiles/en/CodeBlocks
Client IP: 172.20.0.1
Trace:
/var/www/vhosts/website.com/www/sourceFiles/vendor/cakephp/cakephp/src/Core/functions.php /var/www/vhosts/website.com/www/sourceFiles/vendor/cakephp/cakephp/src/Core/functions.php, line 318
/var/www/vhosts/website.com/www/sourceFiles/vendor/cakephp/cakephp/src/Routing/Route/Route.php /var/www/vhosts/website.com/www/sourceFiles/vendor/cakephp/cakephp/src/Routing/Route/Route.php, line 343
Cake\Routing\Route\Route->_writeRoute() /var/www/vhosts/website.com/www/sourceFiles/vendor/cakephp/cakephp/src/Routing/Route/Route.php, line 303
Cake\Routing\Route\Route->compile() /var/www/vhosts/website.com/www/sourceFiles/vendor/cakephp/cakephp/src/Routing/Route/DashedRoute.php, line 101
Cake\Routing\Route\DashedRoute->match() /var/www/vhosts/website.com/www/sourceFiles/vendor/cakephp/cakephp/src/Routing/RouteCollection.php, line 379
Cake\Routing\RouteCollection->match() /var/www/vhosts/website.com/www/sourceFiles/vendor/cakephp/cakephp/src/Routing/Router.php, line 505
Cake\Routing\Router::url() /var/www/vhosts/website.com/www/sourceFiles/vendor/cakephp/cakephp/src/View/Helper/UrlHelper.php, line 91
Cake\View\Helper\UrlHelper->build() /var/www/vhosts/website.com/www/sourceFiles/vendor/cakephp/cakephp/src/View/Helper/HtmlHelper.php, line 258
Cake\View\Helper\HtmlHelper->link() /var/www/vhosts/website.com/www/sourceFiles/src/View/Helper/HtmlHelper.php, line 38
App\View\Helper\HtmlHelper->link() /var/www/vhosts/website.com/www/sourceFiles/templates/element/codeBlocks/layout/sidebar-menu.php, line 40
/var/www/vhosts/website.com/www/sourceFiles/vendor/cakephp/cakephp/src/View/View.php /var/www/vhosts/website.com/www/sourceFiles/vendor/cakephp/cakephp/src/View/View.php, line 1222
Cake\View\View->_evaluate() /var/www/vhosts/website.com/www/sourceFiles/vendor/cakephp/cakephp/src/View/View.php, line 1179
Cake\View\View->_render() /var/www/vhosts/website.com/www/sourceFiles/vendor/cakephp/cakephp/src/View/View.php, line 1731
Cake\View\View->_renderElement() /var/www/vhosts/website.com/www/sourceFiles/vendor/cakephp/cakephp/src/View/View.php, line 701
Cake\View\View->element() /var/www/vhosts/website.com/www/sourceFiles/templates/layout/code_blocks.php, line 133
/var/www/vhosts/website.com/www/sourceFiles/vendor/cakephp/cakephp/src/View/View.php /var/www/vhosts/website.com/www/sourceFiles/vendor/cakephp/cakephp/src/View/View.php, line 1222
Cake\View\View->_evaluate() /var/www/vhosts/website.com/www/sourceFiles/vendor/cakephp/cakephp/src/View/View.php, line 1179
Cake\View\View->_render() /var/www/vhosts/website.com/www/sourceFiles/vendor/cakephp/cakephp/src/View/View.php, line 862
Cake\View\View->renderLayout() /var/www/vhosts/website.com/www/sourceFiles/vendor/cakephp/cakephp/src/View/View.php, line 821
Cake\View\View->render() /var/www/vhosts/website.com/www/sourceFiles/vendor/cakephp/cakephp/src/Controller/Controller.php, line 790
Cake\Controller\Controller->render() /var/www/vhosts/website.com/www/sourceFiles/vendor/cakephp/cakephp/src/Controller/Controller.php, line 569
Cake\Controller\Controller->invokeAction() /var/www/vhosts/website.com/www/sourceFiles/vendor/cakephp/cakephp/src/Controller/ControllerFactory.php, line 140
Cake\Controller\ControllerFactory->handle() /var/www/vhosts/website.com/www/sourceFiles/vendor/cakephp/cakephp/src/Controller/ControllerFactory.php, line 115
Cake\Controller\ControllerFactory->invoke() /var/www/vhosts/website.com/www/sourceFiles/vendor/cakephp/cakephp/src/Http/BaseApplication.php, line 325
Cake\Http\BaseApplication->handle() /var/www/vhosts/website.com/www/sourceFiles/vendor/cakephp/cakephp/src/Http/Runner.php, line 86
Cake\Http\Runner->handle() /var/www/vhosts/website.com/www/sourceFiles/vendor/cakephp/cakephp/src/Http/Middleware/CsrfProtectionMiddleware.php, line 176
Cake\Http\Middleware\CsrfProtectionMiddleware->process() /var/www/vhosts/website.com/www/sourceFiles/vendor/cakephp/cakephp/src/Http/Runner.php, line 82
Cake\Http\Runner->handle() /var/www/vhosts/website.com/www/sourceFiles/src/Middleware/AccessMiddleware.php, line 74
App\Middleware\AccessMiddleware->process() /var/www/vhosts/website.com/www/sourceFiles/vendor/cakephp/cakephp/src/Http/Runner.php, line 82
Cake\Http\Runner->handle() /var/www/vhosts/website.com/www/sourceFiles/src/Middleware/RbacMiddleware.php, line 32
App\Middleware\RbacMiddleware->process() /var/www/vhosts/website.com/www/sourceFiles/vendor/cakephp/cakephp/src/Http/Runner.php, line 82
Cake\Http\Runner->handle() /var/www/vhosts/website.com/www/sourceFiles/src/Middleware/LangMiddleware.php, line 86
App\Middleware\LangMiddleware->process() /var/www/vhosts/website.com/www/sourceFiles/vendor/cakephp/cakephp/src/Http/Runner.php, line 82
Cake\Http\Runner->handle() /var/www/vhosts/website.com/www/sourceFiles/vendor/cakephp/authentication/src/Middleware/AuthenticationMiddleware.php, line 145
Authentication\Middleware\AuthenticationMiddleware->process() /var/www/vhosts/website.com/www/sourceFiles/vendor/cakephp/cakephp/src/Http/Runner.php, line 82
Cake\Http\Runner->handle() /var/www/vhosts/website.com/www/sourceFiles/vendor/cakephp/cakephp/src/Http/Middleware/EncryptedCookieMiddleware.php, line 93
Cake\Http\Middleware\EncryptedCookieMiddleware->process() /var/www/vhosts/website.com/www/sourceFiles/vendor/cakephp/cakephp/src/Http/Runner.php, line 82
Cake\Http\Runner->handle() /var/www/vhosts/website.com/www/sourceFiles/vendor/cakephp/cakephp/src/Http/Middleware/BodyParserMiddleware.php, line 157
Cake\Http\Middleware\BodyParserMiddleware->process() /var/www/vhosts/website.com/www/sourceFiles/vendor/cakephp/cakephp/src/Http/Runner.php, line 82
Cake\Http\Runner->handle() /var/www/vhosts/website.com/www/sourceFiles/vendor/cakephp/cakephp/src/Routing/Middleware/RoutingMiddleware.php, line 189
Cake\Routing\Middleware\RoutingMiddleware->process() /var/www/vhosts/website.com/www/sourceFiles/vendor/cakephp/cakephp/src/Http/Runner.php, line 82
Cake\Http\Runner->handle() /var/www/vhosts/website.com/www/sourceFiles/vendor/cakephp/cakephp/src/Routing/Middleware/AssetMiddleware.php, line 68
Cake\Routing\Middleware\AssetMiddleware->process() /var/www/vhosts/website.com/www/sourceFiles/vendor/cakephp/cakephp/src/Http/Runner.php, line 82
Cake\Http\Runner->handle() /var/www/vhosts/website.com/www/sourceFiles/vendor/cakephp/cakephp/src/Error/Middleware/ErrorHandlerMiddleware.php, line 149
Cake\Error\Middleware\ErrorHandlerMiddleware->process() /var/www/vhosts/website.com/www/sourceFiles/vendor/cakephp/cakephp/src/Http/Runner.php, line 82
Cake\Http\Runner->handle() /var/www/vhosts/website.com/www/sourceFiles/vendor/cakephp/debug_kit/src/Middleware/DebugKitMiddleware.php, line 60
DebugKit\Middleware\DebugKitMiddleware->process() /var/www/vhosts/website.com/www/sourceFiles/vendor/cakephp/cakephp/src/Http/Runner.php, line 82
Cake\Http\Runner->handle() /var/www/vhosts/website.com/www/sourceFiles/vendor/cakephp/cakephp/src/Http/Runner.php, line 67
Cake\Http\Runner->run() /var/www/vhosts/website.com/www/sourceFiles/vendor/cakephp/cakephp/src/Http/Server.php, line 99
Cake\Http\Server->run() /var/www/vhosts/website.com/www/sourceFiles/webroot/index.php, line 40
[main]

2026-03-29 15:02:10 notice: Colon prefixed route placeholders like `:foo` are deprecated. Use braced placeholders like `{foo}` instead.
/var/www/vhosts/website.com/www/sourceFiles/vendor/cakephp/cakephp/src/Routing/Route/Route.php, line: 303
You can disable all deprecation warnings by setting `Error.errorLevel` to `E_ALL & ~E_USER_DEPRECATED`. Adding `vendor/cakephp/cakephp/src/Routing/Route/Route.php` to `Error.ignoredDeprecationPaths` in your `config/app.php` config will mute deprecations from that file only.
Request URL: /en
Referer URL: http://localhost/
Client IP: 172.20.0.1
Trace:
/var/www/vhosts/website.com/www/sourceFiles/vendor/cakephp/cakephp/src/Core/functions.php /var/www/vhosts/website.com/www/sourceFiles/vendor/cakephp/cakephp/src/Core/functions.php, line 318
/var/www/vhosts/website.com/www/sourceFiles/vendor/cakephp/cakephp/src/Routing/Route/Route.php /var/www/vhosts/website.com/www/sourceFiles/vendor/cakephp/cakephp/src/Routing/Route/Route.php, line 343
Cake\Routing\Route\Route->_writeRoute() /var/www/vhosts/website.com/www/sourceFiles/vendor/cakephp/cakephp/src/Routing/Route/Route.php, line 303
Cake\Routing\Route\Route->compile() /var/www/vhosts/website.com/www/sourceFiles/vendor/cakephp/cakephp/src/Routing/Route/DashedRoute.php, line 101
Cake\Routing\Route\DashedRoute->match() /var/www/vhosts/website.com/www/sourceFiles/vendor/cakephp/cakephp/src/Routing/RouteCollection.php, line 379
Cake\Routing\RouteCollection->match() /var/www/vhosts/website.com/www/sourceFiles/vendor/cakephp/cakephp/src/Routing/Router.php, line 505
Cake\Routing\Router::url() /var/www/vhosts/website.com/www/sourceFiles/vendor/cakephp/cakephp/src/View/Helper/UrlHelper.php, line 91
Cake\View\Helper\UrlHelper->build() /var/www/vhosts/website.com/www/sourceFiles/vendor/cakephp/cakephp/src/View/Helper/HtmlHelper.php, line 258
Cake\View\Helper\HtmlHelper->link() /var/www/vhosts/website.com/www/sourceFiles/src/View/Helper/HtmlHelper.php, line 38
App\View\Helper\HtmlHelper->link() /var/www/vhosts/website.com/www/sourceFiles/templates/element/codeBlocks/layout/sidebar-menu.php, line 40
/var/www/vhosts/website.com/www/sourceFiles/vendor/cakephp/cakephp/src/View/View.php /var/www/vhosts/website.com/www/sourceFiles/vendor/cakephp/cakephp/src/View/View.php, line 1222
Cake\View\View->_evaluate() /var/www/vhosts/website.com/www/sourceFiles/vendor/cakephp/cakephp/src/View/View.php, line 1179
Cake\View\View->_render() /var/www/vhosts/website.com/www/sourceFiles/vendor/cakephp/cakephp/src/View/View.php, line 1731
Cake\View\View->_renderElement() /var/www/vhosts/website.com/www/sourceFiles/vendor/cakephp/cakephp/src/View/View.php, line 701
Cake\View\View->element() /var/www/vhosts/website.com/www/sourceFiles/templates/layout/code_blocks.php, line 133
/var/www/vhosts/website.com/www/sourceFiles/vendor/cakephp/cakephp/src/View/View.php /var/www/vhosts/website.com/www/sourceFiles/vendor/cakephp/cakephp/src/View/View.php, line 1222
Cake\View\View->_evaluate() /var/www/vhosts/website.com/www/sourceFiles/vendor/cakephp/cakephp/src/View/View.php, line 1179
Cake\View\View->_render() /var/www/vhosts/website.com/www/sourceFiles/vendor/cakephp/cakephp/src/View/View.php, line 862
Cake\View\View->renderLayout() /var/www/vhosts/website.com/www/sourceFiles/vendor/cakephp/cakephp/src/View/View.php, line 821
Cake\View\View->render() /var/www/vhosts/website.com/www/sourceFiles/vendor/cakephp/cakephp/src/Controller/Controller.php, line 790
Cake\Controller\Controller->render() /var/www/vhosts/website.com/www/sourceFiles/vendor/cakephp/cakephp/src/Controller/Controller.php, line 569
Cake\Controller\Controller->invokeAction() /var/www/vhosts/website.com/www/sourceFiles/vendor/cakephp/cakephp/src/Controller/ControllerFactory.php, line 140
Cake\Controller\ControllerFactory->handle() /var/www/vhosts/website.com/www/sourceFiles/vendor/cakephp/cakephp/src/Controller/ControllerFactory.php, line 115
Cake\Controller\ControllerFactory->invoke() /var/www/vhosts/website.com/www/sourceFiles/vendor/cakephp/cakephp/src/Http/BaseApplication.php, line 325
Cake\Http\BaseApplication->handle() /var/www/vhosts/website.com/www/sourceFiles/vendor/cakephp/cakephp/src/Http/Runner.php, line 86
Cake\Http\Runner->handle() /var/www/vhosts/website.com/www/sourceFiles/vendor/cakephp/cakephp/src/Http/Middleware/CsrfProtectionMiddleware.php, line 176
Cake\Http\Middleware\CsrfProtectionMiddleware->process() /var/www/vhosts/website.com/www/sourceFiles/vendor/cakephp/cakephp/src/Http/Runner.php, line 82
Cake\Http\Runner->handle() /var/www/vhosts/website.com/www/sourceFiles/src/Middleware/AccessMiddleware.php, line 74
App\Middleware\AccessMiddleware->process() /var/www/vhosts/website.com/www/sourceFiles/vendor/cakephp/cakephp/src/Http/Runner.php, line 82
Cake\Http\Runner->handle() /var/www/vhosts/website.com/www/sourceFiles/src/Middleware/RbacMiddleware.php, line 32
App\Middleware\RbacMiddleware->process() /var/www/vhosts/website.com/www/sourceFiles/vendor/cakephp/cakephp/src/Http/Runner.php, line 82
Cake\Http\Runner->handle() /var/www/vhosts/website.com/www/sourceFiles/src/Middleware/LangMiddleware.php, line 86
App\Middleware\LangMiddleware->process() /var/www/vhosts/website.com/www/sourceFiles/vendor/cakephp/cakephp/src/Http/Runner.php, line 82
Cake\Http\Runner->handle() /var/www/vhosts/website.com/www/sourceFiles/vendor/cakephp/authentication/src/Middleware/AuthenticationMiddleware.php, line 145
Authentication\Middleware\AuthenticationMiddleware->process() /var/www/vhosts/website.com/www/sourceFiles/vendor/cakephp/cakephp/src/Http/Runner.php, line 82
Cake\Http\Runner->handle() /var/www/vhosts/website.com/www/sourceFiles/vendor/cakephp/cakephp/src/Http/Middleware/EncryptedCookieMiddleware.php, line 93
Cake\Http\Middleware\EncryptedCookieMiddleware->process() /var/www/vhosts/website.com/www/sourceFiles/vendor/cakephp/cakephp/src/Http/Runner.php, line 82
Cake\Http\Runner->handle() /var/www/vhosts/website.com/www/sourceFiles/vendor/cakephp/cakephp/src/Http/Middleware/BodyParserMiddleware.php, line 157
Cake\Http\Middleware\BodyParserMiddleware->process() /var/www/vhosts/website.com/www/sourceFiles/vendor/cakephp/cakephp/src/Http/Runner.php, line 82
Cake\Http\Runner->handle() /var/www/vhosts/website.com/www/sourceFiles/vendor/cakephp/cakephp/src/Routing/Middleware/RoutingMiddleware.php, line 189
Cake\Routing\Middleware\RoutingMiddleware->process() /var/www/vhosts/website.com/www/sourceFiles/vendor/cakephp/cakephp/src/Http/Runner.php, line 82
Cake\Http\Runner->handle() /var/www/vhosts/website.com/www/sourceFiles/vendor/cakephp/cakephp/src/Routing/Middleware/AssetMiddleware.php, line 68
Cake\Routing\Middleware\AssetMiddleware->process() /var/www/vhosts/website.com/www/sourceFiles/vendor/cakephp/cakephp/src/Http/Runner.php, line 82
Cake\Http\Runner->handle() /var/www/vhosts/website.com/www/sourceFiles/vendor/cakephp/cakephp/src/Error/Middleware/ErrorHandlerMiddleware.php, line 149
Cake\Error\Middleware\ErrorHandlerMiddleware->process() /var/www/vhosts/website.com/www/sourceFiles/vendor/cakephp/cakephp/src/Http/Runner.php, line 82
Cake\Http\Runner->handle() /var/www/vhosts/website.com/www/sourceFiles/vendor/cakephp/debug_kit/src/Middleware/DebugKitMiddleware.php, line 60
DebugKit\Middleware\DebugKitMiddleware->process() /var/www/vhosts/website.com/www/sourceFiles/vendor/cakephp/cakephp/src/Http/Runner.php, line 82
Cake\Http\Runner->handle() /var/www/vhosts/website.com/www/sourceFiles/vendor/cakephp/cakephp/src/Http/Runner.php, line 67
Cake\Http\Runner->run() /var/www/vhosts/website.com/www/sourceFiles/vendor/cakephp/cakephp/src/Http/Server.php, line 99
Cake\Http\Server->run() /var/www/vhosts/website.com/www/sourceFiles/webroot/index.php, line 40
[main]

2026-03-29 15:02:12 notice: Colon prefixed route placeholders like `:foo` are deprecated. Use braced placeholders like `{foo}` instead.
/var/www/vhosts/website.com/www/sourceFiles/vendor/cakephp/cakephp/src/Routing/Route/Route.php, line: 303
You can disable all deprecation warnings by setting `Error.errorLevel` to `E_ALL & ~E_USER_DEPRECATED`. Adding `vendor/cakephp/cakephp/src/Routing/Route/Route.php` to `Error.ignoredDeprecationPaths` in your `config/app.php` config will mute deprecations from that file only.
Request URL: /staff/en/code-blocks
Referer URL: http://localhost/sourceFiles/en
Client IP: 172.20.0.1
Trace:
/var/www/vhosts/website.com/www/sourceFiles/vendor/cakephp/cakephp/src/Core/functions.php /var/www/vhosts/website.com/www/sourceFiles/vendor/cakephp/cakephp/src/Core/functions.php, line 318
/var/www/vhosts/website.com/www/sourceFiles/vendor/cakephp/cakephp/src/Routing/Route/Route.php /var/www/vhosts/website.com/www/sourceFiles/vendor/cakephp/cakephp/src/Routing/Route/Route.php, line 343
Cake\Routing\Route\Route->_writeRoute() /var/www/vhosts/website.com/www/sourceFiles/vendor/cakephp/cakephp/src/Routing/Route/Route.php, line 303
Cake\Routing\Route\Route->compile() /var/www/vhosts/website.com/www/sourceFiles/vendor/cakephp/cakephp/src/Routing/Route/Route.php, line 474
Cake\Routing\Route\Route->parse() /var/www/vhosts/website.com/www/sourceFiles/vendor/cakephp/cakephp/src/Routing/Route/DashedRoute.php, line 66
Cake\Routing\Route\DashedRoute->parse() /var/www/vhosts/website.com/www/sourceFiles/vendor/cakephp/cakephp/src/Routing/Route/Route.php, line 450
Cake\Routing\Route\Route->parseRequest() /var/www/vhosts/website.com/www/sourceFiles/vendor/cakephp/cakephp/src/Routing/RouteCollection.php, line 244
Cake\Routing\RouteCollection->parseRequest() /var/www/vhosts/website.com/www/sourceFiles/vendor/cakephp/cakephp/src/Routing/Router.php, line 233
Cake\Routing\Router::parseRequest() /var/www/vhosts/website.com/www/sourceFiles/vendor/cakephp/cakephp/src/Routing/Middleware/RoutingMiddleware.php, line 163
Cake\Routing\Middleware\RoutingMiddleware->process() /var/www/vhosts/website.com/www/sourceFiles/vendor/cakephp/cakephp/src/Http/Runner.php, line 82
Cake\Http\Runner->handle() /var/www/vhosts/website.com/www/sourceFiles/vendor/cakephp/cakephp/src/Routing/Middleware/AssetMiddleware.php, line 68
Cake\Routing\Middleware\AssetMiddleware->process() /var/www/vhosts/website.com/www/sourceFiles/vendor/cakephp/cakephp/src/Http/Runner.php, line 82
Cake\Http\Runner->handle() /var/www/vhosts/website.com/www/sourceFiles/vendor/cakephp/cakephp/src/Error/Middleware/ErrorHandlerMiddleware.php, line 149
Cake\Error\Middleware\ErrorHandlerMiddleware->process() /var/www/vhosts/website.com/www/sourceFiles/vendor/cakephp/cakephp/src/Http/Runner.php, line 82
Cake\Http\Runner->handle() /var/www/vhosts/website.com/www/sourceFiles/vendor/cakephp/debug_kit/src/Middleware/DebugKitMiddleware.php, line 60
DebugKit\Middleware\DebugKitMiddleware->process() /var/www/vhosts/website.com/www/sourceFiles/vendor/cakephp/cakephp/src/Http/Runner.php, line 82
Cake\Http\Runner->handle() /var/www/vhosts/website.com/www/sourceFiles/vendor/cakephp/cakephp/src/Http/Runner.php, line 67
Cake\Http\Runner->run() /var/www/vhosts/website.com/www/sourceFiles/vendor/cakephp/cakephp/src/Http/Server.php, line 99
Cake\Http\Server->run() /var/www/vhosts/website.com/www/sourceFiles/webroot/index.php, line 40
[main]

2026-03-29 15:02:14 notice: Colon prefixed route placeholders like `:foo` are deprecated. Use braced placeholders like `{foo}` instead.
/var/www/vhosts/website.com/www/sourceFiles/vendor/cakephp/cakephp/src/Routing/Route/Route.php, line: 303
You can disable all deprecation warnings by setting `Error.errorLevel` to `E_ALL & ~E_USER_DEPRECATED`. Adding `vendor/cakephp/cakephp/src/Routing/Route/Route.php` to `Error.ignoredDeprecationPaths` in your `config/app.php` config will mute deprecations from that file only.
Request URL: /en
Referer URL: http://localhost/
Client IP: 172.20.0.1
Trace:
/var/www/vhosts/website.com/www/sourceFiles/vendor/cakephp/cakephp/src/Core/functions.php /var/www/vhosts/website.com/www/sourceFiles/vendor/cakephp/cakephp/src/Core/functions.php, line 318
/var/www/vhosts/website.com/www/sourceFiles/vendor/cakephp/cakephp/src/Routing/Route/Route.php /var/www/vhosts/website.com/www/sourceFiles/vendor/cakephp/cakephp/src/Routing/Route/Route.php, line 343
Cake\Routing\Route\Route->_writeRoute() /var/www/vhosts/website.com/www/sourceFiles/vendor/cakephp/cakephp/src/Routing/Route/Route.php, line 303
Cake\Routing\Route\Route->compile() /var/www/vhosts/website.com/www/sourceFiles/vendor/cakephp/cakephp/src/Routing/Route/DashedRoute.php, line 101
Cake\Routing\Route\DashedRoute->match() /var/www/vhosts/website.com/www/sourceFiles/vendor/cakephp/cakephp/src/Routing/RouteCollection.php, line 379
Cake\Routing\RouteCollection->match() /var/www/vhosts/website.com/www/sourceFiles/vendor/cakephp/cakephp/src/Routing/Router.php, line 505
Cake\Routing\Router::url() /var/www/vhosts/website.com/www/sourceFiles/vendor/cakephp/cakephp/src/View/Helper/UrlHelper.php, line 91
Cake\View\Helper\UrlHelper->build() /var/www/vhosts/website.com/www/sourceFiles/vendor/cakephp/cakephp/src/View/Helper/HtmlHelper.php, line 258
Cake\View\Helper\HtmlHelper->link() /var/www/vhosts/website.com/www/sourceFiles/src/View/Helper/HtmlHelper.php, line 38
App\View\Helper\HtmlHelper->link() /var/www/vhosts/website.com/www/sourceFiles/templates/element/codeBlocks/layout/sidebar-menu.php, line 40
/var/www/vhosts/website.com/www/sourceFiles/vendor/cakephp/cakephp/src/View/View.php /var/www/vhosts/website.com/www/sourceFiles/vendor/cakephp/cakephp/src/View/View.php, line 1222
Cake\View\View->_evaluate() /var/www/vhosts/website.com/www/sourceFiles/vendor/cakephp/cakephp/src/View/View.php, line 1179
Cake\View\View->_render() /var/www/vhosts/website.com/www/sourceFiles/vendor/cakephp/cakephp/src/View/View.php, line 1731
Cake\View\View->_renderElement() /var/www/vhosts/website.com/www/sourceFiles/vendor/cakephp/cakephp/src/View/View.php, line 701
Cake\View\View->element() /var/www/vhosts/website.com/www/sourceFiles/templates/layout/code_blocks.php, line 133
/var/www/vhosts/website.com/www/sourceFiles/vendor/cakephp/cakephp/src/View/View.php /var/www/vhosts/website.com/www/sourceFiles/vendor/cakephp/cakephp/src/View/View.php, line 1222
Cake\View\View->_evaluate() /var/www/vhosts/website.com/www/sourceFiles/vendor/cakephp/cakephp/src/View/View.php, line 1179
Cake\View\View->_render() /var/www/vhosts/website.com/www/sourceFiles/vendor/cakephp/cakephp/src/View/View.php, line 862
Cake\View\View->renderLayout() /var/www/vhosts/website.com/www/sourceFiles/vendor/cakephp/cakephp/src/View/View.php, line 821
Cake\View\View->render() /var/www/vhosts/website.com/www/sourceFiles/vendor/cakephp/cakephp/src/Controller/Controller.php, line 790
Cake\Controller\Controller->render() /var/www/vhosts/website.com/www/sourceFiles/vendor/cakephp/cakephp/src/Controller/Controller.php, line 569
Cake\Controller\Controller->invokeAction() /var/www/vhosts/website.com/www/sourceFiles/vendor/cakephp/cakephp/src/Controller/ControllerFactory.php, line 140
Cake\Controller\ControllerFactory->handle() /var/www/vhosts/website.com/www/sourceFiles/vendor/cakephp/cakephp/src/Controller/ControllerFactory.php, line 115
Cake\Controller\ControllerFactory->invoke() /var/www/vhosts/website.com/www/sourceFiles/vendor/cakephp/cakephp/src/Http/BaseApplication.php, line 325
Cake\Http\BaseApplication->handle() /var/www/vhosts/website.com/www/sourceFiles/vendor/cakephp/cakephp/src/Http/Runner.php, line 86
Cake\Http\Runner->handle() /var/www/vhosts/website.com/www/sourceFiles/vendor/cakephp/cakephp/src/Http/Middleware/CsrfProtectionMiddleware.php, line 176
Cake\Http\Middleware\CsrfProtectionMiddleware->process() /var/www/vhosts/website.com/www/sourceFiles/vendor/cakephp/cakephp/src/Http/Runner.php, line 82
Cake\Http\Runner->handle() /var/www/vhosts/website.com/www/sourceFiles/src/Middleware/AccessMiddleware.php, line 74
App\Middleware\AccessMiddleware->process() /var/www/vhosts/website.com/www/sourceFiles/vendor/cakephp/cakephp/src/Http/Runner.php, line 82
Cake\Http\Runner->handle() /var/www/vhosts/website.com/www/sourceFiles/src/Middleware/RbacMiddleware.php, line 32
App\Middleware\RbacMiddleware->process() /var/www/vhosts/website.com/www/sourceFiles/vendor/cakephp/cakephp/src/Http/Runner.php, line 82
Cake\Http\Runner->handle() /var/www/vhosts/website.com/www/sourceFiles/src/Middleware/LangMiddleware.php, line 86
App\Middleware\LangMiddleware->process() /var/www/vhosts/website.com/www/sourceFiles/vendor/cakephp/cakephp/src/Http/Runner.php, line 82
Cake\Http\Runner->handle() /var/www/vhosts/website.com/www/sourceFiles/vendor/cakephp/authentication/src/Middleware/AuthenticationMiddleware.php, line 145
Authentication\Middleware\AuthenticationMiddleware->process() /var/www/vhosts/website.com/www/sourceFiles/vendor/cakephp/cakephp/src/Http/Runner.php, line 82
Cake\Http\Runner->handle() /var/www/vhosts/website.com/www/sourceFiles/vendor/cakephp/cakephp/src/Http/Middleware/EncryptedCookieMiddleware.php, line 93
Cake\Http\Middleware\EncryptedCookieMiddleware->process() /var/www/vhosts/website.com/www/sourceFiles/vendor/cakephp/cakephp/src/Http/Runner.php, line 82
Cake\Http\Runner->handle() /var/www/vhosts/website.com/www/sourceFiles/vendor/cakephp/cakephp/src/Http/Middleware/BodyParserMiddleware.php, line 157
Cake\Http\Middleware\BodyParserMiddleware->process() /var/www/vhosts/website.com/www/sourceFiles/vendor/cakephp/cakephp/src/Http/Runner.php, line 82
Cake\Http\Runner->handle() /var/www/vhosts/website.com/www/sourceFiles/vendor/cakephp/cakephp/src/Routing/Middleware/RoutingMiddleware.php, line 189
Cake\Routing\Middleware\RoutingMiddleware->process() /var/www/vhosts/website.com/www/sourceFiles/vendor/cakephp/cakephp/src/Http/Runner.php, line 82
Cake\Http\Runner->handle() /var/www/vhosts/website.com/www/sourceFiles/vendor/cakephp/cakephp/src/Routing/Middleware/AssetMiddleware.php, line 68
Cake\Routing\Middleware\AssetMiddleware->process() /var/www/vhosts/website.com/www/sourceFiles/vendor/cakephp/cakephp/src/Http/Runner.php, line 82
Cake\Http\Runner->handle() /var/www/vhosts/website.com/www/sourceFiles/vendor/cakephp/cakephp/src/Error/Middleware/ErrorHandlerMiddleware.php, line 149
Cake\Error\Middleware\ErrorHandlerMiddleware->process() /var/www/vhosts/website.com/www/sourceFiles/vendor/cakephp/cakephp/src/Http/Runner.php, line 82
Cake\Http\Runner->handle() /var/www/vhosts/website.com/www/sourceFiles/vendor/cakephp/debug_kit/src/Middleware/DebugKitMiddleware.php, line 60
DebugKit\Middleware\DebugKitMiddleware->process() /var/www/vhosts/website.com/www/sourceFiles/vendor/cakephp/cakephp/src/Http/Runner.php, line 82
Cake\Http\Runner->handle() /var/www/vhosts/website.com/www/sourceFiles/vendor/cakephp/cakephp/src/Http/Runner.php, line 67
Cake\Http\Runner->run() /var/www/vhosts/website.com/www/sourceFiles/vendor/cakephp/cakephp/src/Http/Server.php, line 99
Cake\Http\Server->run() /var/www/vhosts/website.com/www/sourceFiles/webroot/index.php, line 40
[main]

2026-03-29 15:02:16 notice: Colon prefixed route placeholders like `:foo` are deprecated. Use braced placeholders like `{foo}` instead.
/var/www/vhosts/website.com/www/sourceFiles/vendor/cakephp/cakephp/src/Routing/Route/Route.php, line: 303
You can disable all deprecation warnings by setting `Error.errorLevel` to `E_ALL & ~E_USER_DEPRECATED`. Adding `vendor/cakephp/cakephp/src/Routing/Route/Route.php` to `Error.ignoredDeprecationPaths` in your `config/app.php` config will mute deprecations from that file only.
Request URL: /en/code-blocks/application-foundation
Referer URL: http://localhost/sourceFiles/en
Client IP: 172.20.0.1
Trace:
/var/www/vhosts/website.com/www/sourceFiles/vendor/cakephp/cakephp/src/Core/functions.php /var/www/vhosts/website.com/www/sourceFiles/vendor/cakephp/cakephp/src/Core/functions.php, line 318
/var/www/vhosts/website.com/www/sourceFiles/vendor/cakephp/cakephp/src/Routing/Route/Route.php /var/www/vhosts/website.com/www/sourceFiles/vendor/cakephp/cakephp/src/Routing/Route/Route.php, line 343
Cake\Routing\Route\Route->_writeRoute() /var/www/vhosts/website.com/www/sourceFiles/vendor/cakephp/cakephp/src/Routing/Route/Route.php, line 303
Cake\Routing\Route\Route->compile() /var/www/vhosts/website.com/www/sourceFiles/vendor/cakephp/cakephp/src/Routing/Route/DashedRoute.php, line 101
Cake\Routing\Route\DashedRoute->match() /var/www/vhosts/website.com/www/sourceFiles/vendor/cakephp/cakephp/src/Routing/RouteCollection.php, line 379
Cake\Routing\RouteCollection->match() /var/www/vhosts/website.com/www/sourceFiles/vendor/cakephp/cakephp/src/Routing/Router.php, line 505
Cake\Routing\Router::url() /var/www/vhosts/website.com/www/sourceFiles/vendor/cakephp/cakephp/src/View/Helper/UrlHelper.php, line 91
Cake\View\Helper\UrlHelper->build() /var/www/vhosts/website.com/www/sourceFiles/vendor/cakephp/cakephp/src/View/Helper/HtmlHelper.php, line 258
Cake\View\Helper\HtmlHelper->link() /var/www/vhosts/website.com/www/sourceFiles/src/View/Helper/HtmlHelper.php, line 38
App\View\Helper\HtmlHelper->link() /var/www/vhosts/website.com/www/sourceFiles/templates/element/codeBlocks/layout/sidebar-menu.php, line 40
/var/www/vhosts/website.com/www/sourceFiles/vendor/cakephp/cakephp/src/View/View.php /var/www/vhosts/website.com/www/sourceFiles/vendor/cakephp/cakephp/src/View/View.php, line 1222
Cake\View\View->_evaluate() /var/www/vhosts/website.com/www/sourceFiles/vendor/cakephp/cakephp/src/View/View.php, line 1179
Cake\View\View->_render() /var/www/vhosts/website.com/www/sourceFiles/vendor/cakephp/cakephp/src/View/View.php, line 1731
Cake\View\View->_renderElement() /var/www/vhosts/website.com/www/sourceFiles/vendor/cakephp/cakephp/src/View/View.php, line 701
Cake\View\View->element() /var/www/vhosts/website.com/www/sourceFiles/templates/layout/code_blocks.php, line 133
/var/www/vhosts/website.com/www/sourceFiles/vendor/cakephp/cakephp/src/View/View.php /var/www/vhosts/website.com/www/sourceFiles/vendor/cakephp/cakephp/src/View/View.php, line 1222
Cake\View\View->_evaluate() /var/www/vhosts/website.com/www/sourceFiles/vendor/cakephp/cakephp/src/View/View.php, line 1179
Cake\View\View->_render() /var/www/vhosts/website.com/www/sourceFiles/vendor/cakephp/cakephp/src/View/View.php, line 862
Cake\View\View->renderLayout() /var/www/vhosts/website.com/www/sourceFiles/vendor/cakephp/cakephp/src/View/View.php, line 821
Cake\View\View->render() /var/www/vhosts/website.com/www/sourceFiles/vendor/cakephp/cakephp/src/Controller/Controller.php, line 790
Cake\Controller\Controller->render() /var/www/vhosts/website.com/www/sourceFiles/vendor/cakephp/cakephp/src/Controller/Controller.php, line 569
Cake\Controller\Controller->invokeAction() /var/www/vhosts/website.com/www/sourceFiles/vendor/cakephp/cakephp/src/Controller/ControllerFactory.php, line 140
Cake\Controller\ControllerFactory->handle() /var/www/vhosts/website.com/www/sourceFiles/vendor/cakephp/cakephp/src/Controller/ControllerFactory.php, line 115
Cake\Controller\ControllerFactory->invoke() /var/www/vhosts/website.com/www/sourceFiles/vendor/cakephp/cakephp/src/Http/BaseApplication.php, line 325
Cake\Http\BaseApplication->handle() /var/www/vhosts/website.com/www/sourceFiles/vendor/cakephp/cakephp/src/Http/Runner.php, line 86
Cake\Http\Runner->handle() /var/www/vhosts/website.com/www/sourceFiles/vendor/cakephp/cakephp/src/Http/Middleware/CsrfProtectionMiddleware.php, line 176
Cake\Http\Middleware\CsrfProtectionMiddleware->process() /var/www/vhosts/website.com/www/sourceFiles/vendor/cakephp/cakephp/src/Http/Runner.php, line 82
Cake\Http\Runner->handle() /var/www/vhosts/website.com/www/sourceFiles/src/Middleware/AccessMiddleware.php, line 74
App\Middleware\AccessMiddleware->process() /var/www/vhosts/website.com/www/sourceFiles/vendor/cakephp/cakephp/src/Http/Runner.php, line 82
Cake\Http\Runner->handle() /var/www/vhosts/website.com/www/sourceFiles/src/Middleware/RbacMiddleware.php, line 32
App\Middleware\RbacMiddleware->process() /var/www/vhosts/website.com/www/sourceFiles/vendor/cakephp/cakephp/src/Http/Runner.php, line 82
Cake\Http\Runner->handle() /var/www/vhosts/website.com/www/sourceFiles/src/Middleware/LangMiddleware.php, line 86
App\Middleware\LangMiddleware->process() /var/www/vhosts/website.com/www/sourceFiles/vendor/cakephp/cakephp/src/Http/Runner.php, line 82
Cake\Http\Runner->handle() /var/www/vhosts/website.com/www/sourceFiles/vendor/cakephp/authentication/src/Middleware/AuthenticationMiddleware.php, line 145
Authentication\Middleware\AuthenticationMiddleware->process() /var/www/vhosts/website.com/www/sourceFiles/vendor/cakephp/cakephp/src/Http/Runner.php, line 82
Cake\Http\Runner->handle() /var/www/vhosts/website.com/www/sourceFiles/vendor/cakephp/cakephp/src/Http/Middleware/EncryptedCookieMiddleware.php, line 93
Cake\Http\Middleware\EncryptedCookieMiddleware->process() /var/www/vhosts/website.com/www/sourceFiles/vendor/cakephp/cakephp/src/Http/Runner.php, line 82
Cake\Http\Runner->handle() /var/www/vhosts/website.com/www/sourceFiles/vendor/cakephp/cakephp/src/Http/Middleware/BodyParserMiddleware.php, line 157
Cake\Http\Middleware\BodyParserMiddleware->process() /var/www/vhosts/website.com/www/sourceFiles/vendor/cakephp/cakephp/src/Http/Runner.php, line 82
Cake\Http\Runner->handle() /var/www/vhosts/website.com/www/sourceFiles/vendor/cakephp/cakephp/src/Routing/Middleware/RoutingMiddleware.php, line 189
Cake\Routing\Middleware\RoutingMiddleware->process() /var/www/vhosts/website.com/www/sourceFiles/vendor/cakephp/cakephp/src/Http/Runner.php, line 82
Cake\Http\Runner->handle() /var/www/vhosts/website.com/www/sourceFiles/vendor/cakephp/cakephp/src/Routing/Middleware/AssetMiddleware.php, line 68
Cake\Routing\Middleware\AssetMiddleware->process() /var/www/vhosts/website.com/www/sourceFiles/vendor/cakephp/cakephp/src/Http/Runner.php, line 82
Cake\Http\Runner->handle() /var/www/vhosts/website.com/www/sourceFiles/vendor/cakephp/cakephp/src/Error/Middleware/ErrorHandlerMiddleware.php, line 149
Cake\Error\Middleware\ErrorHandlerMiddleware->process() /var/www/vhosts/website.com/www/sourceFiles/vendor/cakephp/cakephp/src/Http/Runner.php, line 82
Cake\Http\Runner->handle() /var/www/vhosts/website.com/www/sourceFiles/vendor/cakephp/debug_kit/src/Middleware/DebugKitMiddleware.php, line 60
DebugKit\Middleware\DebugKitMiddleware->process() /var/www/vhosts/website.com/www/sourceFiles/vendor/cakephp/cakephp/src/Http/Runner.php, line 82
Cake\Http\Runner->handle() /var/www/vhosts/website.com/www/sourceFiles/vendor/cakephp/cakephp/src/Http/Runner.php, line 67
Cake\Http\Runner->run() /var/www/vhosts/website.com/www/sourceFiles/vendor/cakephp/cakephp/src/Http/Server.php, line 99
Cake\Http\Server->run() /var/www/vhosts/website.com/www/sourceFiles/webroot/index.php, line 40
[main]

2026-03-29 15:02:17 notice: Colon prefixed route placeholders like `:foo` are deprecated. Use braced placeholders like `{foo}` instead.
/var/www/vhosts/website.com/www/sourceFiles/vendor/cakephp/cakephp/src/Routing/Route/Route.php, line: 303
You can disable all deprecation warnings by setting `Error.errorLevel` to `E_ALL & ~E_USER_DEPRECATED`. Adding `vendor/cakephp/cakephp/src/Routing/Route/Route.php` to `Error.ignoredDeprecationPaths` in your `config/app.php` config will mute deprecations from that file only.
Request URL: /en
Referer URL: http://localhost/
Client IP: 172.20.0.1
Trace:
/var/www/vhosts/website.com/www/sourceFiles/vendor/cakephp/cakephp/src/Core/functions.php /var/www/vhosts/website.com/www/sourceFiles/vendor/cakephp/cakephp/src/Core/functions.php, line 318
/var/www/vhosts/website.com/www/sourceFiles/vendor/cakephp/cakephp/src/Routing/Route/Route.php /var/www/vhosts/website.com/www/sourceFiles/vendor/cakephp/cakephp/src/Routing/Route/Route.php, line 343
Cake\Routing\Route\Route->_writeRoute() /var/www/vhosts/website.com/www/sourceFiles/vendor/cakephp/cakephp/src/Routing/Route/Route.php, line 303
Cake\Routing\Route\Route->compile() /var/www/vhosts/website.com/www/sourceFiles/vendor/cakephp/cakephp/src/Routing/Route/DashedRoute.php, line 101
Cake\Routing\Route\DashedRoute->match() /var/www/vhosts/website.com/www/sourceFiles/vendor/cakephp/cakephp/src/Routing/RouteCollection.php, line 379
Cake\Routing\RouteCollection->match() /var/www/vhosts/website.com/www/sourceFiles/vendor/cakephp/cakephp/src/Routing/Router.php, line 505
Cake\Routing\Router::url() /var/www/vhosts/website.com/www/sourceFiles/vendor/cakephp/cakephp/src/View/Helper/UrlHelper.php, line 91
Cake\View\Helper\UrlHelper->build() /var/www/vhosts/website.com/www/sourceFiles/vendor/cakephp/cakephp/src/View/Helper/HtmlHelper.php, line 258
Cake\View\Helper\HtmlHelper->link() /var/www/vhosts/website.com/www/sourceFiles/src/View/Helper/HtmlHelper.php, line 38
App\View\Helper\HtmlHelper->link() /var/www/vhosts/website.com/www/sourceFiles/templates/element/codeBlocks/layout/sidebar-menu.php, line 40
/var/www/vhosts/website.com/www/sourceFiles/vendor/cakephp/cakephp/src/View/View.php /var/www/vhosts/website.com/www/sourceFiles/vendor/cakephp/cakephp/src/View/View.php, line 1222
Cake\View\View->_evaluate() /var/www/vhosts/website.com/www/sourceFiles/vendor/cakephp/cakephp/src/View/View.php, line 1179
Cake\View\View->_render() /var/www/vhosts/website.com/www/sourceFiles/vendor/cakephp/cakephp/src/View/View.php, line 1731
Cake\View\View->_renderElement() /var/www/vhosts/website.com/www/sourceFiles/vendor/cakephp/cakephp/src/View/View.php, line 701
Cake\View\View->element() /var/www/vhosts/website.com/www/sourceFiles/templates/layout/code_blocks.php, line 133
/var/www/vhosts/website.com/www/sourceFiles/vendor/cakephp/cakephp/src/View/View.php /var/www/vhosts/website.com/www/sourceFiles/vendor/cakephp/cakephp/src/View/View.php, line 1222
Cake\View\View->_evaluate() /var/www/vhosts/website.com/www/sourceFiles/vendor/cakephp/cakephp/src/View/View.php, line 1179
Cake\View\View->_render() /var/www/vhosts/website.com/www/sourceFiles/vendor/cakephp/cakephp/src/View/View.php, line 862
Cake\View\View->renderLayout() /var/www/vhosts/website.com/www/sourceFiles/vendor/cakephp/cakephp/src/View/View.php, line 821
Cake\View\View->render() /var/www/vhosts/website.com/www/sourceFiles/vendor/cakephp/cakephp/src/Controller/Controller.php, line 790
Cake\Controller\Controller->render() /var/www/vhosts/website.com/www/sourceFiles/vendor/cakephp/cakephp/src/Controller/Controller.php, line 569
Cake\Controller\Controller->invokeAction() /var/www/vhosts/website.com/www/sourceFiles/vendor/cakephp/cakephp/src/Controller/ControllerFactory.php, line 140
Cake\Controller\ControllerFactory->handle() /var/www/vhosts/website.com/www/sourceFiles/vendor/cakephp/cakephp/src/Controller/ControllerFactory.php, line 115
Cake\Controller\ControllerFactory->invoke() /var/www/vhosts/website.com/www/sourceFiles/vendor/cakephp/cakephp/src/Http/BaseApplication.php, line 325
Cake\Http\BaseApplication->handle() /var/www/vhosts/website.com/www/sourceFiles/vendor/cakephp/cakephp/src/Http/Runner.php, line 86
Cake\Http\Runner->handle() /var/www/vhosts/website.com/www/sourceFiles/vendor/cakephp/cakephp/src/Http/Middleware/CsrfProtectionMiddleware.php, line 176
Cake\Http\Middleware\CsrfProtectionMiddleware->process() /var/www/vhosts/website.com/www/sourceFiles/vendor/cakephp/cakephp/src/Http/Runner.php, line 82
Cake\Http\Runner->handle() /var/www/vhosts/website.com/www/sourceFiles/src/Middleware/AccessMiddleware.php, line 74
App\Middleware\AccessMiddleware->process() /var/www/vhosts/website.com/www/sourceFiles/vendor/cakephp/cakephp/src/Http/Runner.php, line 82
Cake\Http\Runner->handle() /var/www/vhosts/website.com/www/sourceFiles/src/Middleware/RbacMiddleware.php, line 32
App\Middleware\RbacMiddleware->process() /var/www/vhosts/website.com/www/sourceFiles/vendor/cakephp/cakephp/src/Http/Runner.php, line 82
Cake\Http\Runner->handle() /var/www/vhosts/website.com/www/sourceFiles/src/Middleware/LangMiddleware.php, line 86
App\Middleware\LangMiddleware->process() /var/www/vhosts/website.com/www/sourceFiles/vendor/cakephp/cakephp/src/Http/Runner.php, line 82
Cake\Http\Runner->handle() /var/www/vhosts/website.com/www/sourceFiles/vendor/cakephp/authentication/src/Middleware/AuthenticationMiddleware.php, line 145
Authentication\Middleware\AuthenticationMiddleware->process() /var/www/vhosts/website.com/www/sourceFiles/vendor/cakephp/cakephp/src/Http/Runner.php, line 82
Cake\Http\Runner->handle() /var/www/vhosts/website.com/www/sourceFiles/vendor/cakephp/cakephp/src/Http/Middleware/EncryptedCookieMiddleware.php, line 93
Cake\Http\Middleware\EncryptedCookieMiddleware->process() /var/www/vhosts/website.com/www/sourceFiles/vendor/cakephp/cakephp/src/Http/Runner.php, line 82
Cake\Http\Runner->handle() /var/www/vhosts/website.com/www/sourceFiles/vendor/cakephp/cakephp/src/Http/Middleware/BodyParserMiddleware.php, line 157
Cake\Http\Middleware\BodyParserMiddleware->process() /var/www/vhosts/website.com/www/sourceFiles/vendor/cakephp/cakephp/src/Http/Runner.php, line 82
Cake\Http\Runner->handle() /var/www/vhosts/website.com/www/sourceFiles/vendor/cakephp/cakephp/src/Routing/Middleware/RoutingMiddleware.php, line 189
Cake\Routing\Middleware\RoutingMiddleware->process() /var/www/vhosts/website.com/www/sourceFiles/vendor/cakephp/cakephp/src/Http/Runner.php, line 82
Cake\Http\Runner->handle() /var/www/vhosts/website.com/www/sourceFiles/vendor/cakephp/cakephp/src/Routing/Middleware/AssetMiddleware.php, line 68
Cake\Routing\Middleware\AssetMiddleware->process() /var/www/vhosts/website.com/www/sourceFiles/vendor/cakephp/cakephp/src/Http/Runner.php, line 82
Cake\Http\Runner->handle() /var/www/vhosts/website.com/www/sourceFiles/vendor/cakephp/cakephp/src/Error/Middleware/ErrorHandlerMiddleware.php, line 149
Cake\Error\Middleware\ErrorHandlerMiddleware->process() /var/www/vhosts/website.com/www/sourceFiles/vendor/cakephp/cakephp/src/Http/Runner.php, line 82
Cake\Http\Runner->handle() /var/www/vhosts/website.com/www/sourceFiles/vendor/cakephp/debug_kit/src/Middleware/DebugKitMiddleware.php, line 60
DebugKit\Middleware\DebugKitMiddleware->process() /var/www/vhosts/website.com/www/sourceFiles/vendor/cakephp/cakephp/src/Http/Runner.php, line 82
Cake\Http\Runner->handle() /var/www/vhosts/website.com/www/sourceFiles/vendor/cakephp/cakephp/src/Http/Runner.php, line 67
Cake\Http\Runner->run() /var/www/vhosts/website.com/www/sourceFiles/vendor/cakephp/cakephp/src/Http/Server.php, line 99
Cake\Http\Server->run() /var/www/vhosts/website.com/www/sourceFiles/webroot/index.php, line 40
[main]

