2022-05-13 17:02:26 error: [Error] Call to undefined method App\Controller\PagesController::session() in /var/www/vhosts/website.com/www/src/src/Controller/AppController.php on line 75
Stack Trace:
- /var/www/vhosts/website.com/www/src/src/Controller/AppController.php:59
- /var/www/vhosts/website.com/www/src/vendor/cakephp/cakephp/src/Event/EventManager.php:309
- /var/www/vhosts/website.com/www/src/vendor/cakephp/cakephp/src/Event/EventManager.php:286
- /var/www/vhosts/website.com/www/src/vendor/cakephp/cakephp/src/Event/EventDispatcherTrait.php:92
- /var/www/vhosts/website.com/www/src/vendor/cakephp/cakephp/src/Controller/Controller.php:636
- /var/www/vhosts/website.com/www/src/vendor/cakephp/cakephp/src/Controller/ControllerFactory.php:130
- /var/www/vhosts/website.com/www/src/vendor/cakephp/cakephp/src/Controller/ControllerFactory.php:115
- /var/www/vhosts/website.com/www/src/vendor/cakephp/cakephp/src/Http/BaseApplication.php:317
- /var/www/vhosts/website.com/www/src/vendor/cakephp/cakephp/src/Http/Runner.php:77
- /var/www/vhosts/website.com/www/src/vendor/cakephp/cakephp/src/Http/Middleware/CsrfProtectionMiddleware.php:174
- /var/www/vhosts/website.com/www/src/vendor/cakephp/cakephp/src/Http/Runner.php:73
- /var/www/vhosts/website.com/www/src/vendor/cakephp/cakephp/src/Http/Middleware/BodyParserMiddleware.php:157
- /var/www/vhosts/website.com/www/src/vendor/cakephp/cakephp/src/Http/Runner.php:73
- /var/www/vhosts/website.com/www/src/vendor/cakephp/cakephp/src/Routing/Middleware/RoutingMiddleware.php:161
- /var/www/vhosts/website.com/www/src/vendor/cakephp/cakephp/src/Http/Runner.php:73
- /var/www/vhosts/website.com/www/src/vendor/cakephp/cakephp/src/Routing/Middleware/AssetMiddleware.php:68
- /var/www/vhosts/website.com/www/src/vendor/cakephp/cakephp/src/Http/Runner.php:73
- /var/www/vhosts/website.com/www/src/vendor/cakephp/cakephp/src/Error/Middleware/ErrorHandlerMiddleware.php:126
- /var/www/vhosts/website.com/www/src/vendor/cakephp/cakephp/src/Http/Runner.php:73
- /var/www/vhosts/website.com/www/src/vendor/cakephp/debug_kit/src/Middleware/DebugKitMiddleware.php:60
- /var/www/vhosts/website.com/www/src/vendor/cakephp/cakephp/src/Http/Runner.php:73
- /var/www/vhosts/website.com/www/src/vendor/cakephp/cakephp/src/Http/Runner.php:58
- /var/www/vhosts/website.com/www/src/vendor/cakephp/cakephp/src/Http/Server.php:90
- /var/www/vhosts/website.com/www/src/webroot/index.php:40

Request URL: /
Client IP: 172.18.0.1


2022-05-13 17:05:04 error: [Cake\Http\Exception\MissingControllerException] Controller class En_US could not be found. in /var/www/vhosts/website.com/www/src/vendor/cakephp/cakephp/src/Controller/ControllerFactory.php on line 349
Exception Attributes: array (
  'class' => 'En_US',
  'plugin' => NULL,
  'prefix' => NULL,
  '_ext' => NULL,
)
Stack Trace:
- /var/www/vhosts/website.com/www/src/vendor/cakephp/cakephp/src/Controller/ControllerFactory.php:74
- /var/www/vhosts/website.com/www/src/vendor/cakephp/cakephp/src/Http/BaseApplication.php:315
- /var/www/vhosts/website.com/www/src/vendor/cakephp/cakephp/src/Http/Runner.php:77
- /var/www/vhosts/website.com/www/src/vendor/cakephp/cakephp/src/Http/Middleware/CsrfProtectionMiddleware.php:174
- /var/www/vhosts/website.com/www/src/vendor/cakephp/cakephp/src/Http/Runner.php:73
- /var/www/vhosts/website.com/www/src/vendor/cakephp/cakephp/src/Http/Middleware/BodyParserMiddleware.php:157
- /var/www/vhosts/website.com/www/src/vendor/cakephp/cakephp/src/Http/Runner.php:73
- /var/www/vhosts/website.com/www/src/vendor/cakephp/cakephp/src/Routing/Middleware/RoutingMiddleware.php:161
- /var/www/vhosts/website.com/www/src/vendor/cakephp/cakephp/src/Http/Runner.php:73
- /var/www/vhosts/website.com/www/src/vendor/cakephp/cakephp/src/Routing/Middleware/AssetMiddleware.php:68
- /var/www/vhosts/website.com/www/src/vendor/cakephp/cakephp/src/Http/Runner.php:73
- /var/www/vhosts/website.com/www/src/vendor/cakephp/cakephp/src/Error/Middleware/ErrorHandlerMiddleware.php:126
- /var/www/vhosts/website.com/www/src/vendor/cakephp/cakephp/src/Http/Runner.php:73
- /var/www/vhosts/website.com/www/src/vendor/cakephp/debug_kit/src/Middleware/DebugKitMiddleware.php:60
- /var/www/vhosts/website.com/www/src/vendor/cakephp/cakephp/src/Http/Runner.php:73
- /var/www/vhosts/website.com/www/src/vendor/cakephp/cakephp/src/Http/Runner.php:58
- /var/www/vhosts/website.com/www/src/vendor/cakephp/cakephp/src/Http/Server.php:90
- /var/www/vhosts/website.com/www/src/webroot/index.php:40

Request URL: /en_US/pages/home
Client IP: 172.18.0.1


2022-05-13 17:13:19 error: [Cake\Controller\Exception\MissingActionException] Action PagesController::display() could not be found, or is not accessible. in /var/www/vhosts/website.com/www/src/vendor/cakephp/cakephp/src/Controller/Controller.php on line 518
Exception Attributes: array (
  'controller' => 'PagesController',
  'action' => 'display',
  'prefix' => '',
  'plugin' => NULL,
)
Stack Trace:
- /var/www/vhosts/website.com/www/src/vendor/cakephp/cakephp/src/Controller/ControllerFactory.php:135
- /var/www/vhosts/website.com/www/src/vendor/cakephp/cakephp/src/Controller/ControllerFactory.php:115
- /var/www/vhosts/website.com/www/src/vendor/cakephp/cakephp/src/Http/BaseApplication.php:317
- /var/www/vhosts/website.com/www/src/vendor/cakephp/cakephp/src/Http/Runner.php:77
- /var/www/vhosts/website.com/www/src/vendor/cakephp/cakephp/src/Http/Middleware/CsrfProtectionMiddleware.php:174
- /var/www/vhosts/website.com/www/src/vendor/cakephp/cakephp/src/Http/Runner.php:73
- /var/www/vhosts/website.com/www/src/vendor/cakephp/cakephp/src/Http/Middleware/BodyParserMiddleware.php:157
- /var/www/vhosts/website.com/www/src/vendor/cakephp/cakephp/src/Http/Runner.php:73
- /var/www/vhosts/website.com/www/src/vendor/cakephp/cakephp/src/Routing/Middleware/RoutingMiddleware.php:161
- /var/www/vhosts/website.com/www/src/vendor/cakephp/cakephp/src/Http/Runner.php:73
- /var/www/vhosts/website.com/www/src/vendor/cakephp/cakephp/src/Routing/Middleware/AssetMiddleware.php:68
- /var/www/vhosts/website.com/www/src/vendor/cakephp/cakephp/src/Http/Runner.php:73
- /var/www/vhosts/website.com/www/src/vendor/cakephp/cakephp/src/Error/Middleware/ErrorHandlerMiddleware.php:126
- /var/www/vhosts/website.com/www/src/vendor/cakephp/cakephp/src/Http/Runner.php:73
- /var/www/vhosts/website.com/www/src/vendor/cakephp/debug_kit/src/Middleware/DebugKitMiddleware.php:60
- /var/www/vhosts/website.com/www/src/vendor/cakephp/cakephp/src/Http/Runner.php:73
- /var/www/vhosts/website.com/www/src/vendor/cakephp/cakephp/src/Http/Runner.php:58
- /var/www/vhosts/website.com/www/src/vendor/cakephp/cakephp/src/Http/Server.php:90
- /var/www/vhosts/website.com/www/src/webroot/index.php:40

Request URL: /
Client IP: 172.18.0.1


2022-05-13 17:19:10 error: [Cake\Http\Exception\MissingControllerException] Controller class Pages could not be found. in /var/www/vhosts/website.com/www/src/vendor/cakephp/cakephp/src/Controller/ControllerFactory.php on line 349
Exception Attributes: array (
  'class' => 'Pages',
  'plugin' => NULL,
  'prefix' => 'Admin',
  '_ext' => NULL,
)
Stack Trace:
- /var/www/vhosts/website.com/www/src/vendor/cakephp/cakephp/src/Controller/ControllerFactory.php:74
- /var/www/vhosts/website.com/www/src/vendor/cakephp/cakephp/src/Http/BaseApplication.php:315
- /var/www/vhosts/website.com/www/src/vendor/cakephp/cakephp/src/Http/Runner.php:77
- /var/www/vhosts/website.com/www/src/vendor/cakephp/cakephp/src/Http/Middleware/CsrfProtectionMiddleware.php:174
- /var/www/vhosts/website.com/www/src/vendor/cakephp/cakephp/src/Http/Runner.php:73
- /var/www/vhosts/website.com/www/src/vendor/cakephp/cakephp/src/Http/Middleware/BodyParserMiddleware.php:157
- /var/www/vhosts/website.com/www/src/vendor/cakephp/cakephp/src/Http/Runner.php:73
- /var/www/vhosts/website.com/www/src/vendor/cakephp/cakephp/src/Routing/Middleware/RoutingMiddleware.php:161
- /var/www/vhosts/website.com/www/src/vendor/cakephp/cakephp/src/Http/Runner.php:73
- /var/www/vhosts/website.com/www/src/vendor/cakephp/cakephp/src/Routing/Middleware/AssetMiddleware.php:68
- /var/www/vhosts/website.com/www/src/vendor/cakephp/cakephp/src/Http/Runner.php:73
- /var/www/vhosts/website.com/www/src/vendor/cakephp/cakephp/src/Error/Middleware/ErrorHandlerMiddleware.php:126
- /var/www/vhosts/website.com/www/src/vendor/cakephp/cakephp/src/Http/Runner.php:73
- /var/www/vhosts/website.com/www/src/vendor/cakephp/debug_kit/src/Middleware/DebugKitMiddleware.php:60
- /var/www/vhosts/website.com/www/src/vendor/cakephp/cakephp/src/Http/Runner.php:73
- /var/www/vhosts/website.com/www/src/vendor/cakephp/cakephp/src/Http/Runner.php:58
- /var/www/vhosts/website.com/www/src/vendor/cakephp/cakephp/src/Http/Server.php:90
- /var/www/vhosts/website.com/www/src/webroot/index.php:40

Request URL: /admin/Pages/home
Client IP: 172.18.0.1


2022-05-13 17:19:27 error: [Cake\Http\Exception\MissingControllerException] Controller class Pages could not be found. in /var/www/vhosts/website.com/www/src/vendor/cakephp/cakephp/src/Controller/ControllerFactory.php on line 349
Exception Attributes: array (
  'class' => 'Pages',
  'plugin' => NULL,
  'prefix' => 'Admin',
  '_ext' => NULL,
)
Stack Trace:
- /var/www/vhosts/website.com/www/src/vendor/cakephp/cakephp/src/Controller/ControllerFactory.php:74
- /var/www/vhosts/website.com/www/src/vendor/cakephp/cakephp/src/Http/BaseApplication.php:315
- /var/www/vhosts/website.com/www/src/vendor/cakephp/cakephp/src/Http/Runner.php:77
- /var/www/vhosts/website.com/www/src/vendor/cakephp/cakephp/src/Http/Middleware/CsrfProtectionMiddleware.php:174
- /var/www/vhosts/website.com/www/src/vendor/cakephp/cakephp/src/Http/Runner.php:73
- /var/www/vhosts/website.com/www/src/vendor/cakephp/cakephp/src/Http/Middleware/BodyParserMiddleware.php:157
- /var/www/vhosts/website.com/www/src/vendor/cakephp/cakephp/src/Http/Runner.php:73
- /var/www/vhosts/website.com/www/src/vendor/cakephp/cakephp/src/Routing/Middleware/RoutingMiddleware.php:161
- /var/www/vhosts/website.com/www/src/vendor/cakephp/cakephp/src/Http/Runner.php:73
- /var/www/vhosts/website.com/www/src/vendor/cakephp/cakephp/src/Routing/Middleware/AssetMiddleware.php:68
- /var/www/vhosts/website.com/www/src/vendor/cakephp/cakephp/src/Http/Runner.php:73
- /var/www/vhosts/website.com/www/src/vendor/cakephp/cakephp/src/Error/Middleware/ErrorHandlerMiddleware.php:126
- /var/www/vhosts/website.com/www/src/vendor/cakephp/cakephp/src/Http/Runner.php:73
- /var/www/vhosts/website.com/www/src/vendor/cakephp/debug_kit/src/Middleware/DebugKitMiddleware.php:60
- /var/www/vhosts/website.com/www/src/vendor/cakephp/cakephp/src/Http/Runner.php:73
- /var/www/vhosts/website.com/www/src/vendor/cakephp/cakephp/src/Http/Runner.php:58
- /var/www/vhosts/website.com/www/src/vendor/cakephp/cakephp/src/Http/Server.php:90
- /var/www/vhosts/website.com/www/src/webroot/index.php:40

Request URL: /admin/Pages/home
Client IP: 172.18.0.1


2022-05-13 17:19:50 error: [Cake\Http\Exception\MissingControllerException] Controller class Pages could not be found. in /var/www/vhosts/website.com/www/src/vendor/cakephp/cakephp/src/Controller/ControllerFactory.php on line 349
Exception Attributes: array (
  'class' => 'Pages',
  'plugin' => NULL,
  'prefix' => 'Admin',
  '_ext' => NULL,
)
Stack Trace:
- /var/www/vhosts/website.com/www/src/vendor/cakephp/cakephp/src/Controller/ControllerFactory.php:74
- /var/www/vhosts/website.com/www/src/vendor/cakephp/cakephp/src/Http/BaseApplication.php:315
- /var/www/vhosts/website.com/www/src/vendor/cakephp/cakephp/src/Http/Runner.php:77
- /var/www/vhosts/website.com/www/src/vendor/cakephp/cakephp/src/Http/Middleware/CsrfProtectionMiddleware.php:174
- /var/www/vhosts/website.com/www/src/vendor/cakephp/cakephp/src/Http/Runner.php:73
- /var/www/vhosts/website.com/www/src/vendor/cakephp/cakephp/src/Http/Middleware/BodyParserMiddleware.php:157
- /var/www/vhosts/website.com/www/src/vendor/cakephp/cakephp/src/Http/Runner.php:73
- /var/www/vhosts/website.com/www/src/vendor/cakephp/cakephp/src/Routing/Middleware/RoutingMiddleware.php:161
- /var/www/vhosts/website.com/www/src/vendor/cakephp/cakephp/src/Http/Runner.php:73
- /var/www/vhosts/website.com/www/src/vendor/cakephp/cakephp/src/Routing/Middleware/AssetMiddleware.php:68
- /var/www/vhosts/website.com/www/src/vendor/cakephp/cakephp/src/Http/Runner.php:73
- /var/www/vhosts/website.com/www/src/vendor/cakephp/cakephp/src/Error/Middleware/ErrorHandlerMiddleware.php:126
- /var/www/vhosts/website.com/www/src/vendor/cakephp/cakephp/src/Http/Runner.php:73
- /var/www/vhosts/website.com/www/src/vendor/cakephp/debug_kit/src/Middleware/DebugKitMiddleware.php:60
- /var/www/vhosts/website.com/www/src/vendor/cakephp/cakephp/src/Http/Runner.php:73
- /var/www/vhosts/website.com/www/src/vendor/cakephp/cakephp/src/Http/Runner.php:58
- /var/www/vhosts/website.com/www/src/vendor/cakephp/cakephp/src/Http/Server.php:90
- /var/www/vhosts/website.com/www/src/webroot/index.php:40

Request URL: /admin/Pages/home
Client IP: 172.18.0.1


2022-05-13 17:20:43 error: [Cake\Http\Exception\MissingControllerException] Controller class Pages could not be found. in /var/www/vhosts/website.com/www/src/vendor/cakephp/cakephp/src/Controller/ControllerFactory.php on line 349
Exception Attributes: array (
  'class' => 'Pages',
  'plugin' => NULL,
  'prefix' => 'Admin',
  '_ext' => NULL,
)
Stack Trace:
- /var/www/vhosts/website.com/www/src/vendor/cakephp/cakephp/src/Controller/ControllerFactory.php:74
- /var/www/vhosts/website.com/www/src/vendor/cakephp/cakephp/src/Http/BaseApplication.php:315
- /var/www/vhosts/website.com/www/src/vendor/cakephp/cakephp/src/Http/Runner.php:77
- /var/www/vhosts/website.com/www/src/vendor/cakephp/cakephp/src/Http/Middleware/CsrfProtectionMiddleware.php:174
- /var/www/vhosts/website.com/www/src/vendor/cakephp/cakephp/src/Http/Runner.php:73
- /var/www/vhosts/website.com/www/src/vendor/cakephp/cakephp/src/Http/Middleware/BodyParserMiddleware.php:157
- /var/www/vhosts/website.com/www/src/vendor/cakephp/cakephp/src/Http/Runner.php:73
- /var/www/vhosts/website.com/www/src/vendor/cakephp/cakephp/src/Routing/Middleware/RoutingMiddleware.php:161
- /var/www/vhosts/website.com/www/src/vendor/cakephp/cakephp/src/Http/Runner.php:73
- /var/www/vhosts/website.com/www/src/vendor/cakephp/cakephp/src/Routing/Middleware/AssetMiddleware.php:68
- /var/www/vhosts/website.com/www/src/vendor/cakephp/cakephp/src/Http/Runner.php:73
- /var/www/vhosts/website.com/www/src/vendor/cakephp/cakephp/src/Error/Middleware/ErrorHandlerMiddleware.php:126
- /var/www/vhosts/website.com/www/src/vendor/cakephp/cakephp/src/Http/Runner.php:73
- /var/www/vhosts/website.com/www/src/vendor/cakephp/debug_kit/src/Middleware/DebugKitMiddleware.php:60
- /var/www/vhosts/website.com/www/src/vendor/cakephp/cakephp/src/Http/Runner.php:73
- /var/www/vhosts/website.com/www/src/vendor/cakephp/cakephp/src/Http/Runner.php:58
- /var/www/vhosts/website.com/www/src/vendor/cakephp/cakephp/src/Http/Server.php:90
- /var/www/vhosts/website.com/www/src/webroot/index.php:40

Request URL: /admin/Pages/home
Client IP: 172.18.0.1


2022-05-13 17:21:36 error: [Error] Class 'App\Controller\Admin\AppController' not found in /var/www/vhosts/website.com/www/src/src/Controller/Admin/PagesController.php on line 32
Stack Trace:
- /var/www/vhosts/website.com/www/src/vendor/composer/ClassLoader.php:571
- /var/www/vhosts/website.com/www/src/vendor/composer/ClassLoader.php:428
- spl_autoload_call - [internal], line ??- class_exists - [internal], line ??- /var/www/vhosts/website.com/www/src/vendor/cakephp/cakephp/src/Core/App.php:161
- /var/www/vhosts/website.com/www/src/vendor/cakephp/cakephp/src/Core/App.php:68
- /var/www/vhosts/website.com/www/src/vendor/cakephp/cakephp/src/Controller/ControllerFactory.php:338
- /var/www/vhosts/website.com/www/src/vendor/cakephp/cakephp/src/Controller/ControllerFactory.php:72
- /var/www/vhosts/website.com/www/src/vendor/cakephp/cakephp/src/Http/BaseApplication.php:315
- /var/www/vhosts/website.com/www/src/vendor/cakephp/cakephp/src/Http/Runner.php:77
- /var/www/vhosts/website.com/www/src/vendor/cakephp/cakephp/src/Http/Middleware/CsrfProtectionMiddleware.php:174
- /var/www/vhosts/website.com/www/src/vendor/cakephp/cakephp/src/Http/Runner.php:73
- /var/www/vhosts/website.com/www/src/vendor/cakephp/cakephp/src/Http/Middleware/BodyParserMiddleware.php:157
- /var/www/vhosts/website.com/www/src/vendor/cakephp/cakephp/src/Http/Runner.php:73
- /var/www/vhosts/website.com/www/src/vendor/cakephp/cakephp/src/Routing/Middleware/RoutingMiddleware.php:161
- /var/www/vhosts/website.com/www/src/vendor/cakephp/cakephp/src/Http/Runner.php:73
- /var/www/vhosts/website.com/www/src/vendor/cakephp/cakephp/src/Routing/Middleware/AssetMiddleware.php:68
- /var/www/vhosts/website.com/www/src/vendor/cakephp/cakephp/src/Http/Runner.php:73
- /var/www/vhosts/website.com/www/src/vendor/cakephp/cakephp/src/Error/Middleware/ErrorHandlerMiddleware.php:126
- /var/www/vhosts/website.com/www/src/vendor/cakephp/cakephp/src/Http/Runner.php:73
- /var/www/vhosts/website.com/www/src/vendor/cakephp/debug_kit/src/Middleware/DebugKitMiddleware.php:60
- /var/www/vhosts/website.com/www/src/vendor/cakephp/cakephp/src/Http/Runner.php:73
- /var/www/vhosts/website.com/www/src/vendor/cakephp/cakephp/src/Http/Runner.php:58
- /var/www/vhosts/website.com/www/src/vendor/cakephp/cakephp/src/Http/Server.php:90
- /var/www/vhosts/website.com/www/src/webroot/index.php:40

Request URL: /admin/Pages/home
Client IP: 172.18.0.1


2022-05-13 17:23:02 error: [Error] Class 'App\Controller\Admin\AppController' not found in /var/www/vhosts/website.com/www/src/src/Controller/Admin/PagesController.php on line 32
Stack Trace:
- /var/www/vhosts/website.com/www/src/vendor/composer/ClassLoader.php:571
- /var/www/vhosts/website.com/www/src/vendor/composer/ClassLoader.php:428
- spl_autoload_call - [internal], line ??- class_exists - [internal], line ??- /var/www/vhosts/website.com/www/src/vendor/cakephp/cakephp/src/Core/App.php:161
- /var/www/vhosts/website.com/www/src/vendor/cakephp/cakephp/src/Core/App.php:68
- /var/www/vhosts/website.com/www/src/vendor/cakephp/cakephp/src/Controller/ControllerFactory.php:338
- /var/www/vhosts/website.com/www/src/vendor/cakephp/cakephp/src/Controller/ControllerFactory.php:72
- /var/www/vhosts/website.com/www/src/vendor/cakephp/cakephp/src/Http/BaseApplication.php:315
- /var/www/vhosts/website.com/www/src/vendor/cakephp/cakephp/src/Http/Runner.php:77
- /var/www/vhosts/website.com/www/src/vendor/cakephp/cakephp/src/Http/Middleware/CsrfProtectionMiddleware.php:174
- /var/www/vhosts/website.com/www/src/vendor/cakephp/cakephp/src/Http/Runner.php:73
- /var/www/vhosts/website.com/www/src/vendor/cakephp/cakephp/src/Http/Middleware/BodyParserMiddleware.php:157
- /var/www/vhosts/website.com/www/src/vendor/cakephp/cakephp/src/Http/Runner.php:73
- /var/www/vhosts/website.com/www/src/vendor/cakephp/cakephp/src/Routing/Middleware/RoutingMiddleware.php:161
- /var/www/vhosts/website.com/www/src/vendor/cakephp/cakephp/src/Http/Runner.php:73
- /var/www/vhosts/website.com/www/src/vendor/cakephp/cakephp/src/Routing/Middleware/AssetMiddleware.php:68
- /var/www/vhosts/website.com/www/src/vendor/cakephp/cakephp/src/Http/Runner.php:73
- /var/www/vhosts/website.com/www/src/vendor/cakephp/cakephp/src/Error/Middleware/ErrorHandlerMiddleware.php:126
- /var/www/vhosts/website.com/www/src/vendor/cakephp/cakephp/src/Http/Runner.php:73
- /var/www/vhosts/website.com/www/src/vendor/cakephp/debug_kit/src/Middleware/DebugKitMiddleware.php:60
- /var/www/vhosts/website.com/www/src/vendor/cakephp/cakephp/src/Http/Runner.php:73
- /var/www/vhosts/website.com/www/src/vendor/cakephp/cakephp/src/Http/Runner.php:58
- /var/www/vhosts/website.com/www/src/vendor/cakephp/cakephp/src/Http/Server.php:90
- /var/www/vhosts/website.com/www/src/webroot/index.php:40

Request URL: /admin/Pages/home
Client IP: 172.18.0.1


2022-05-13 17:23:40 error: [Cake\View\Exception\MissingTemplateException] Template file `Admin/Pages/home.php` could not be found.

The following paths were searched:

- `/var/www/vhosts/website.com/www/src/templates/Admin/Pages/home.php`
- `/var/www/vhosts/website.com/www/src/vendor/cakephp/cakephp/templates/Admin/Pages/home.php`
 in /var/www/vhosts/website.com/www/src/vendor/cakephp/cakephp/src/View/View.php on line 1359
Exception Attributes: array (
  'file' => 'Admin/Pages/home.php',
  'paths' => 
  array (
    0 => '/var/www/vhosts/website.com/www/src/templates/',
    1 => '/var/www/vhosts/website.com/www/src/vendor/cakephp/cakephp/templates/',
  ),
)
Stack Trace:
- /var/www/vhosts/website.com/www/src/vendor/cakephp/cakephp/src/View/View.php:766
- /var/www/vhosts/website.com/www/src/vendor/cakephp/cakephp/src/Controller/Controller.php:764
- /var/www/vhosts/website.com/www/src/vendor/cakephp/cakephp/src/Controller/Controller.php:548
- /var/www/vhosts/website.com/www/src/vendor/cakephp/cakephp/src/Controller/ControllerFactory.php:140
- /var/www/vhosts/website.com/www/src/vendor/cakephp/cakephp/src/Controller/ControllerFactory.php:115
- /var/www/vhosts/website.com/www/src/vendor/cakephp/cakephp/src/Http/BaseApplication.php:317
- /var/www/vhosts/website.com/www/src/vendor/cakephp/cakephp/src/Http/Runner.php:77
- /var/www/vhosts/website.com/www/src/vendor/cakephp/cakephp/src/Http/Middleware/CsrfProtectionMiddleware.php:174
- /var/www/vhosts/website.com/www/src/vendor/cakephp/cakephp/src/Http/Runner.php:73
- /var/www/vhosts/website.com/www/src/vendor/cakephp/cakephp/src/Http/Middleware/BodyParserMiddleware.php:157
- /var/www/vhosts/website.com/www/src/vendor/cakephp/cakephp/src/Http/Runner.php:73
- /var/www/vhosts/website.com/www/src/vendor/cakephp/cakephp/src/Routing/Middleware/RoutingMiddleware.php:161
- /var/www/vhosts/website.com/www/src/vendor/cakephp/cakephp/src/Http/Runner.php:73
- /var/www/vhosts/website.com/www/src/vendor/cakephp/cakephp/src/Routing/Middleware/AssetMiddleware.php:68
- /var/www/vhosts/website.com/www/src/vendor/cakephp/cakephp/src/Http/Runner.php:73
- /var/www/vhosts/website.com/www/src/vendor/cakephp/cakephp/src/Error/Middleware/ErrorHandlerMiddleware.php:126
- /var/www/vhosts/website.com/www/src/vendor/cakephp/cakephp/src/Http/Runner.php:73
- /var/www/vhosts/website.com/www/src/vendor/cakephp/debug_kit/src/Middleware/DebugKitMiddleware.php:60
- /var/www/vhosts/website.com/www/src/vendor/cakephp/cakephp/src/Http/Runner.php:73
- /var/www/vhosts/website.com/www/src/vendor/cakephp/cakephp/src/Http/Runner.php:58
- /var/www/vhosts/website.com/www/src/vendor/cakephp/cakephp/src/Http/Server.php:90
- /var/www/vhosts/website.com/www/src/webroot/index.php:40

Request URL: /admin/Pages/home
Client IP: 172.18.0.1


2022-05-13 17:25:51 error: [Cake\Routing\Exception\MissingRouteException] A route matching "array (
  'prefix' => '',
  'action' => 'home',
  'plugin' => NULL,
  'controller' => 'Pages',
  '_ext' => NULL,
)" could not be found. in /var/www/vhosts/website.com/www/src/vendor/cakephp/cakephp/src/Routing/RouteCollection.php on line 326
Exception Attributes: array (
  'url' => 'array (
  \'prefix\' => \'\',
  \'action\' => \'home\',
  \'plugin\' => NULL,
  \'controller\' => \'Pages\',
  \'_ext\' => NULL,
)',
  'context' => 
  array (
    '_scheme' => 'http',
    '_host' => 'localhost',
    '_port' => NULL,
    '_base' => '/src',
    'params' => 
    array (
      'controller' => 'Pages',
      'action' => 'home',
      'pass' => 
      array (
      ),
      'prefix' => 'Admin',
      'plugin' => NULL,
      '_matchedRoute' => '/admin/:controller/:action/*',
      '_ext' => NULL,
    ),
  ),
)
Stack Trace:
- /var/www/vhosts/website.com/www/src/vendor/cakephp/cakephp/src/Routing/Router.php:497
- /var/www/vhosts/website.com/www/src/vendor/cakephp/cakephp/src/View/Helper/UrlHelper.php:90
- /var/www/vhosts/website.com/www/src/vendor/cakephp/cakephp/src/View/Helper/HtmlHelper.php:257
- /var/www/vhosts/website.com/www/src/templates/Admin/Pages/home.php:5
- /var/www/vhosts/website.com/www/src/vendor/cakephp/cakephp/src/View/View.php:1181
- /var/www/vhosts/website.com/www/src/vendor/cakephp/cakephp/src/View/View.php:1138
- /var/www/vhosts/website.com/www/src/vendor/cakephp/cakephp/src/View/View.php:769
- /var/www/vhosts/website.com/www/src/vendor/cakephp/cakephp/src/Controller/Controller.php:764
- /var/www/vhosts/website.com/www/src/vendor/cakephp/cakephp/src/Controller/Controller.php:548
- /var/www/vhosts/website.com/www/src/vendor/cakephp/cakephp/src/Controller/ControllerFactory.php:140
- /var/www/vhosts/website.com/www/src/vendor/cakephp/cakephp/src/Controller/ControllerFactory.php:115
- /var/www/vhosts/website.com/www/src/vendor/cakephp/cakephp/src/Http/BaseApplication.php:317
- /var/www/vhosts/website.com/www/src/vendor/cakephp/cakephp/src/Http/Runner.php:77
- /var/www/vhosts/website.com/www/src/vendor/cakephp/cakephp/src/Http/Middleware/CsrfProtectionMiddleware.php:174
- /var/www/vhosts/website.com/www/src/vendor/cakephp/cakephp/src/Http/Runner.php:73
- /var/www/vhosts/website.com/www/src/vendor/cakephp/cakephp/src/Http/Middleware/BodyParserMiddleware.php:157
- /var/www/vhosts/website.com/www/src/vendor/cakephp/cakephp/src/Http/Runner.php:73
- /var/www/vhosts/website.com/www/src/vendor/cakephp/cakephp/src/Routing/Middleware/RoutingMiddleware.php:161
- /var/www/vhosts/website.com/www/src/vendor/cakephp/cakephp/src/Http/Runner.php:73
- /var/www/vhosts/website.com/www/src/vendor/cakephp/cakephp/src/Routing/Middleware/AssetMiddleware.php:68
- /var/www/vhosts/website.com/www/src/vendor/cakephp/cakephp/src/Http/Runner.php:73
- /var/www/vhosts/website.com/www/src/vendor/cakephp/cakephp/src/Error/Middleware/ErrorHandlerMiddleware.php:126
- /var/www/vhosts/website.com/www/src/vendor/cakephp/cakephp/src/Http/Runner.php:73
- /var/www/vhosts/website.com/www/src/vendor/cakephp/debug_kit/src/Middleware/DebugKitMiddleware.php:60
- /var/www/vhosts/website.com/www/src/vendor/cakephp/cakephp/src/Http/Runner.php:73
- /var/www/vhosts/website.com/www/src/vendor/cakephp/cakephp/src/Http/Runner.php:58
- /var/www/vhosts/website.com/www/src/vendor/cakephp/cakephp/src/Http/Server.php:90
- /var/www/vhosts/website.com/www/src/webroot/index.php:40

Request URL: /admin/Pages/home
Client IP: 172.18.0.1


2022-05-13 17:27:17 error: [TypeError] strtolower() expects parameter 1 to be string, bool given in /var/www/vhosts/website.com/www/src/vendor/cakephp/cakephp/src/Routing/RouteCollection.php on line 215
Stack Trace:
- /var/www/vhosts/website.com/www/src/vendor/cakephp/cakephp/src/Routing/RouteCollection.php:215
- /var/www/vhosts/website.com/www/src/vendor/cakephp/cakephp/src/Routing/RouteCollection.php:315
- /var/www/vhosts/website.com/www/src/vendor/cakephp/cakephp/src/Routing/Router.php:497
- /var/www/vhosts/website.com/www/src/vendor/cakephp/cakephp/src/View/Helper/UrlHelper.php:90
- /var/www/vhosts/website.com/www/src/vendor/cakephp/cakephp/src/View/Helper/HtmlHelper.php:257
- /var/www/vhosts/website.com/www/src/templates/Pages/home.php:30
- /var/www/vhosts/website.com/www/src/vendor/cakephp/cakephp/src/View/View.php:1181
- /var/www/vhosts/website.com/www/src/vendor/cakephp/cakephp/src/View/View.php:1138
- /var/www/vhosts/website.com/www/src/vendor/cakephp/cakephp/src/View/View.php:769
- /var/www/vhosts/website.com/www/src/vendor/cakephp/cakephp/src/Controller/Controller.php:764
- /var/www/vhosts/website.com/www/src/vendor/cakephp/cakephp/src/Controller/Controller.php:548
- /var/www/vhosts/website.com/www/src/vendor/cakephp/cakephp/src/Controller/ControllerFactory.php:140
- /var/www/vhosts/website.com/www/src/vendor/cakephp/cakephp/src/Controller/ControllerFactory.php:115
- /var/www/vhosts/website.com/www/src/vendor/cakephp/cakephp/src/Http/BaseApplication.php:317
- /var/www/vhosts/website.com/www/src/vendor/cakephp/cakephp/src/Http/Runner.php:77
- /var/www/vhosts/website.com/www/src/vendor/cakephp/cakephp/src/Http/Middleware/CsrfProtectionMiddleware.php:174
- /var/www/vhosts/website.com/www/src/vendor/cakephp/cakephp/src/Http/Runner.php:73
- /var/www/vhosts/website.com/www/src/vendor/cakephp/cakephp/src/Http/Middleware/BodyParserMiddleware.php:157
- /var/www/vhosts/website.com/www/src/vendor/cakephp/cakephp/src/Http/Runner.php:73
- /var/www/vhosts/website.com/www/src/vendor/cakephp/cakephp/src/Routing/Middleware/RoutingMiddleware.php:161
- /var/www/vhosts/website.com/www/src/vendor/cakephp/cakephp/src/Http/Runner.php:73
- /var/www/vhosts/website.com/www/src/vendor/cakephp/cakephp/src/Routing/Middleware/AssetMiddleware.php:68
- /var/www/vhosts/website.com/www/src/vendor/cakephp/cakephp/src/Http/Runner.php:73
- /var/www/vhosts/website.com/www/src/vendor/cakephp/cakephp/src/Error/Middleware/ErrorHandlerMiddleware.php:126
- /var/www/vhosts/website.com/www/src/vendor/cakephp/cakephp/src/Http/Runner.php:73
- /var/www/vhosts/website.com/www/src/vendor/cakephp/debug_kit/src/Middleware/DebugKitMiddleware.php:60
- /var/www/vhosts/website.com/www/src/vendor/cakephp/cakephp/src/Http/Runner.php:73
- /var/www/vhosts/website.com/www/src/vendor/cakephp/cakephp/src/Http/Runner.php:58
- /var/www/vhosts/website.com/www/src/vendor/cakephp/cakephp/src/Http/Server.php:90
- /var/www/vhosts/website.com/www/src/webroot/index.php:40

Request URL: /pages/home
Referer URL: http://localhost/src/admin/Pages/home
Client IP: 172.18.0.1


