
20220926-200541 > GETTING NEW FILE: current_uuid:  - server_uuid: 632ce91b-97b0-4a96-8aed-133cc0fc9d2a - get full content updateCase: http://site.updatecase.com/Variants/get/234 > Writing to : ../config/schema/234/632ce91b-97b0-4a96-8aed-133cc0fc9d2a.json > Downloaded NEW JSON: 632ce91b-97b0-4a96-8aed-133cc0fc9d2a
20220926-200543 > ERROR: No elements were found matching "link3" WITH group: "2"
20220926-200543 > ERROR: Element: "link3" Location: "Support" group: "2" NOT FOUND
20220926-200543 > ERROR: No elements were found matching "text" WITH group: "2"
20220926-200543 > ERROR: Element: "text" Location: "Support" group: "2" NOT FOUND
20220926-200543 > ERROR: No elements were found matching "link1" WITH group: "3"
20220926-200543 > ERROR: Element: "link1" Location: "Support" group: "3" NOT FOUND
20220926-200543 > ERROR: No elements were found matching "href" WITH group: "3"
20220926-200543 > ERROR: Element: "href" Location: "Support" group: "3" NOT FOUND
20220926-200543 > ERROR: No elements were found matching "link2" WITH group: "3"
20220926-200543 > ERROR: Element: "link2" Location: "Support" group: "3" NOT FOUND
20220926-200543 > ERROR: No elements were found matching "link3" WITH group: "3"
20220926-200543 > ERROR: Element: "link3" Location: "Support" group: "3" NOT FOUND
20220926-200543 > ERROR: No elements were found matching "link1" WITH group: "4"
20220926-200543 > ERROR: Element: "link1" Location: "Support" group: "4" NOT FOUND
20220926-200543 > ERROR: No elements were found matching "text" WITH group: "4"
20220926-200543 > ERROR: Element: "text" Location: "Support" group: "4" NOT FOUND
20220926-200629 > ERROR: No elements were found matching "link3" WITH group: "2"
20220926-200629 > ERROR: Element: "link3" Location: "Support" group: "2" NOT FOUND
20220926-200629 > ERROR: No elements were found matching "text" WITH group: "2"
20220926-200629 > ERROR: Element: "text" Location: "Support" group: "2" NOT FOUND
20220926-200629 > ERROR: No elements were found matching "link1" WITH group: "3"
20220926-200629 > ERROR: Element: "link1" Location: "Support" group: "3" NOT FOUND
20220926-200629 > ERROR: No elements were found matching "href" WITH group: "3"
20220926-200629 > ERROR: Element: "href" Location: "Support" group: "3" NOT FOUND
20220926-200629 > ERROR: No elements were found matching "link2" WITH group: "3"
20220926-200629 > ERROR: Element: "link2" Location: "Support" group: "3" NOT FOUND
20220926-200629 > ERROR: No elements were found matching "link3" WITH group: "3"
20220926-200629 > ERROR: Element: "link3" Location: "Support" group: "3" NOT FOUND
20220926-200629 > ERROR: No elements were found matching "link1" WITH group: "4"
20220926-200629 > ERROR: Element: "link1" Location: "Support" group: "4" NOT FOUND
20220926-200629 > ERROR: No elements were found matching "text" WITH group: "4"
20220926-200629 > ERROR: Element: "text" Location: "Support" group: "4" NOT FOUND
20220926-200629 > ERROR: No elements were found matching "link" WITHOUT group: ""
20220926-200629 > ERROR: Element: "link" Location: "Banner" group: "" NOT FOUND
20220926-200659 > ERROR: No elements were found matching "link3" WITH group: "2"
20220926-200659 > ERROR: Element: "link3" Location: "Support" group: "2" NOT FOUND
20220926-200659 > ERROR: No elements were found matching "text" WITH group: "2"
20220926-200659 > ERROR: Element: "text" Location: "Support" group: "2" NOT FOUND
20220926-200659 > ERROR: No elements were found matching "link1" WITH group: "3"
20220926-200659 > ERROR: Element: "link1" Location: "Support" group: "3" NOT FOUND
20220926-200659 > ERROR: No elements were found matching "href" WITH group: "3"
20220926-200659 > ERROR: Element: "href" Location: "Support" group: "3" NOT FOUND
20220926-200659 > ERROR: No elements were found matching "link2" WITH group: "3"
20220926-200659 > ERROR: Element: "link2" Location: "Support" group: "3" NOT FOUND
20220926-200659 > ERROR: No elements were found matching "link3" WITH group: "3"
20220926-200659 > ERROR: Element: "link3" Location: "Support" group: "3" NOT FOUND
20220926-200659 > ERROR: No elements were found matching "link1" WITH group: "4"
20220926-200659 > ERROR: Element: "link1" Location: "Support" group: "4" NOT FOUND
20220926-200659 > ERROR: No elements were found matching "text" WITH group: "4"
20220926-200659 > ERROR: Element: "text" Location: "Support" group: "4" NOT FOUND
20220926-200659 > ERROR: No elements were found matching "link" WITHOUT group: ""
20220926-200659 > ERROR: Element: "link" Location: "Banner" group: "" NOT FOUND
20220926-200924 > ERROR: No elements were found matching "link3" WITH group: "2"
20220926-200924 > ERROR: Element: "link3" Location: "Support" group: "2" NOT FOUND
20220926-200924 > ERROR: No elements were found matching "text" WITH group: "2"
20220926-200924 > ERROR: Element: "text" Location: "Support" group: "2" NOT FOUND
20220926-200924 > ERROR: No elements were found matching "link1" WITH group: "3"
20220926-200924 > ERROR: Element: "link1" Location: "Support" group: "3" NOT FOUND
20220926-200924 > ERROR: No elements were found matching "href" WITH group: "3"
20220926-200924 > ERROR: Element: "href" Location: "Support" group: "3" NOT FOUND
20220926-200924 > ERROR: No elements were found matching "link2" WITH group: "3"
20220926-200924 > ERROR: Element: "link2" Location: "Support" group: "3" NOT FOUND
20220926-200924 > ERROR: No elements were found matching "link3" WITH group: "3"
20220926-200924 > ERROR: Element: "link3" Location: "Support" group: "3" NOT FOUND
20220926-200924 > ERROR: No elements were found matching "link1" WITH group: "4"
20220926-200924 > ERROR: Element: "link1" Location: "Support" group: "4" NOT FOUND
20220926-200924 > ERROR: No elements were found matching "text" WITH group: "4"
20220926-200924 > ERROR: Element: "text" Location: "Support" group: "4" NOT FOUND
20220926-200924 > ERROR: No elements were found matching "link" WITHOUT group: ""
20220926-200924 > ERROR: Element: "link" Location: "Banner" group: "" NOT FOUND
20220926-200932 > ERROR: No elements were found matching "link3" WITH group: "2"
20220926-200932 > ERROR: Element: "link3" Location: "Support" group: "2" NOT FOUND
20220926-200932 > ERROR: No elements were found matching "text" WITH group: "2"
20220926-200932 > ERROR: Element: "text" Location: "Support" group: "2" NOT FOUND
20220926-200932 > ERROR: No elements were found matching "link1" WITH group: "3"
20220926-200932 > ERROR: Element: "link1" Location: "Support" group: "3" NOT FOUND
20220926-200932 > ERROR: No elements were found matching "href" WITH group: "3"
20220926-200932 > ERROR: Element: "href" Location: "Support" group: "3" NOT FOUND
20220926-200932 > ERROR: No elements were found matching "link2" WITH group: "3"
20220926-200932 > ERROR: Element: "link2" Location: "Support" group: "3" NOT FOUND
20220926-200932 > ERROR: No elements were found matching "link3" WITH group: "3"
20220926-200932 > ERROR: Element: "link3" Location: "Support" group: "3" NOT FOUND
20220926-200932 > ERROR: No elements were found matching "link1" WITH group: "4"
20220926-200932 > ERROR: Element: "link1" Location: "Support" group: "4" NOT FOUND
20220926-200932 > ERROR: No elements were found matching "text" WITH group: "4"
20220926-200932 > ERROR: Element: "text" Location: "Support" group: "4" NOT FOUND
20220926-201001 > ERROR: No elements were found matching "link3" WITH group: "2"
20220926-201001 > ERROR: Element: "link3" Location: "Support" group: "2" NOT FOUND
20220926-201001 > ERROR: No elements were found matching "text" WITH group: "2"
20220926-201001 > ERROR: Element: "text" Location: "Support" group: "2" NOT FOUND
20220926-201001 > ERROR: No elements were found matching "link1" WITH group: "3"
20220926-201001 > ERROR: Element: "link1" Location: "Support" group: "3" NOT FOUND
20220926-201001 > ERROR: No elements were found matching "href" WITH group: "3"
20220926-201001 > ERROR: Element: "href" Location: "Support" group: "3" NOT FOUND
20220926-201001 > ERROR: No elements were found matching "link2" WITH group: "3"
20220926-201001 > ERROR: Element: "link2" Location: "Support" group: "3" NOT FOUND
20220926-201001 > ERROR: No elements were found matching "link3" WITH group: "3"
20220926-201001 > ERROR: Element: "link3" Location: "Support" group: "3" NOT FOUND
20220926-201001 > ERROR: No elements were found matching "link1" WITH group: "4"
20220926-201001 > ERROR: Element: "link1" Location: "Support" group: "4" NOT FOUND
20220926-201001 > ERROR: No elements were found matching "text" WITH group: "4"
20220926-201001 > ERROR: Element: "text" Location: "Support" group: "4" NOT FOUND
20220926-201007 > ERROR: No elements were found matching "link3" WITH group: "2"
20220926-201007 > ERROR: Element: "link3" Location: "Support" group: "2" NOT FOUND
20220926-201007 > ERROR: No elements were found matching "text" WITH group: "2"
20220926-201007 > ERROR: Element: "text" Location: "Support" group: "2" NOT FOUND
20220926-201007 > ERROR: No elements were found matching "link1" WITH group: "3"
20220926-201007 > ERROR: Element: "link1" Location: "Support" group: "3" NOT FOUND
20220926-201007 > ERROR: No elements were found matching "href" WITH group: "3"
20220926-201007 > ERROR: Element: "href" Location: "Support" group: "3" NOT FOUND
20220926-201007 > ERROR: No elements were found matching "link2" WITH group: "3"
20220926-201007 > ERROR: Element: "link2" Location: "Support" group: "3" NOT FOUND
20220926-201007 > ERROR: No elements were found matching "link3" WITH group: "3"
20220926-201007 > ERROR: Element: "link3" Location: "Support" group: "3" NOT FOUND
20220926-201007 > ERROR: No elements were found matching "link1" WITH group: "4"
20220926-201007 > ERROR: Element: "link1" Location: "Support" group: "4" NOT FOUND
20220926-201007 > ERROR: No elements were found matching "text" WITH group: "4"
20220926-201007 > ERROR: Element: "text" Location: "Support" group: "4" NOT FOUND
20220926-201007 > ERROR: No elements were found matching "link" WITHOUT group: ""
20220926-201007 > ERROR: Element: "link" Location: "Banner" group: "" NOT FOUND
20220926-201658 > ERROR: No elements were found matching "link3" WITH group: "2"
20220926-201658 > ERROR: Element: "link3" Location: "Support" group: "2" NOT FOUND
20220926-201658 > ERROR: No elements were found matching "text" WITH group: "2"
20220926-201658 > ERROR: Element: "text" Location: "Support" group: "2" NOT FOUND
20220926-201658 > ERROR: No elements were found matching "link1" WITH group: "3"
20220926-201658 > ERROR: Element: "link1" Location: "Support" group: "3" NOT FOUND
20220926-201658 > ERROR: No elements were found matching "href" WITH group: "3"
20220926-201658 > ERROR: Element: "href" Location: "Support" group: "3" NOT FOUND
20220926-201658 > ERROR: No elements were found matching "link2" WITH group: "3"
20220926-201658 > ERROR: Element: "link2" Location: "Support" group: "3" NOT FOUND
20220926-201658 > ERROR: No elements were found matching "link3" WITH group: "3"
20220926-201658 > ERROR: Element: "link3" Location: "Support" group: "3" NOT FOUND
20220926-201658 > ERROR: No elements were found matching "link1" WITH group: "4"
20220926-201658 > ERROR: Element: "link1" Location: "Support" group: "4" NOT FOUND
20220926-201658 > ERROR: No elements were found matching "text" WITH group: "4"
20220926-201658 > ERROR: Element: "text" Location: "Support" group: "4" NOT FOUND
20220926-201706 > ERROR: No elements were found matching "title" 
20220926-201706 > ERROR: Element: "title" Location: "Main" group: "" NOT FOUND
20220926-201744 > ERROR: No elements were found matching "title" 
20220926-201744 > ERROR: Element: "title" Location: "Main" group: "" NOT FOUND
20220926-201751 > ERROR: Location "Intro" was NOT found (page: SEC Dealer Portal)
20220926-201751 > ERROR: No elements were found matching "poweredBy" 
20220926-201751 > ERROR: Element: "poweredBy" Location: "Intro" group: "" NOT FOUND
20220926-201806 > ERROR: Location "Intro" was NOT found (page: SEC Dealer Portal)
20220926-201806 > ERROR: No elements were found matching "poweredBy" 
20220926-201806 > ERROR: Element: "poweredBy" Location: "Intro" group: "" NOT FOUND
20220926-202823 > ERROR: No elements were found matching "link3" WITH group: "2"
20220926-202823 > ERROR: Element: "link3" Location: "Support" group: "2" NOT FOUND
20220926-202823 > ERROR: No elements were found matching "text" WITH group: "2"
20220926-202823 > ERROR: Element: "text" Location: "Support" group: "2" NOT FOUND
20220926-202823 > ERROR: No elements were found matching "link1" WITH group: "3"
20220926-202823 > ERROR: Element: "link1" Location: "Support" group: "3" NOT FOUND
20220926-202823 > ERROR: No elements were found matching "href" WITH group: "3"
20220926-202823 > ERROR: Element: "href" Location: "Support" group: "3" NOT FOUND
20220926-202823 > ERROR: No elements were found matching "link2" WITH group: "3"
20220926-202823 > ERROR: Element: "link2" Location: "Support" group: "3" NOT FOUND
20220926-202823 > ERROR: No elements were found matching "link3" WITH group: "3"
20220926-202823 > ERROR: Element: "link3" Location: "Support" group: "3" NOT FOUND
20220926-202823 > ERROR: No elements were found matching "link1" WITH group: "4"
20220926-202823 > ERROR: Element: "link1" Location: "Support" group: "4" NOT FOUND
20220926-202823 > ERROR: No elements were found matching "text" WITH group: "4"
20220926-202823 > ERROR: Element: "text" Location: "Support" group: "4" NOT FOUND
20220926-202830 > ERROR: No elements were found matching "link3" WITH group: "2"
20220926-202830 > ERROR: Element: "link3" Location: "Support" group: "2" NOT FOUND
20220926-202830 > ERROR: No elements were found matching "text" WITH group: "2"
20220926-202830 > ERROR: Element: "text" Location: "Support" group: "2" NOT FOUND
20220926-202830 > ERROR: No elements were found matching "link1" WITH group: "3"
20220926-202830 > ERROR: Element: "link1" Location: "Support" group: "3" NOT FOUND
20220926-202830 > ERROR: No elements were found matching "href" WITH group: "3"
20220926-202830 > ERROR: Element: "href" Location: "Support" group: "3" NOT FOUND
20220926-202830 > ERROR: No elements were found matching "link2" WITH group: "3"
20220926-202830 > ERROR: Element: "link2" Location: "Support" group: "3" NOT FOUND
20220926-202830 > ERROR: No elements were found matching "link3" WITH group: "3"
20220926-202830 > ERROR: Element: "link3" Location: "Support" group: "3" NOT FOUND
20220926-202830 > ERROR: No elements were found matching "link1" WITH group: "4"
20220926-202830 > ERROR: Element: "link1" Location: "Support" group: "4" NOT FOUND
20220926-202830 > ERROR: No elements were found matching "text" WITH group: "4"
20220926-202830 > ERROR: Element: "text" Location: "Support" group: "4" NOT FOUND
20220926-202830 > ERROR: No elements were found matching "link" WITHOUT group: ""
20220926-202830 > ERROR: Element: "link" Location: "Banner" group: "" NOT FOUND
20220926-202836 > ERROR: No elements were found matching "title" 
20220926-202836 > ERROR: Element: "title" Location: "Main" group: "" NOT FOUND
20220926-202841 > ERROR: Location "Intro" was NOT found (page: SEC Dealer Portal)
20220926-202841 > ERROR: No elements were found matching "poweredBy" 
20220926-202841 > ERROR: Element: "poweredBy" Location: "Intro" group: "" NOT FOUND
20220926-202849 > ERROR: Location "Intro" was NOT found (page: SEC Dealer Portal)
20220926-202849 > ERROR: No elements were found matching "poweredBy" 
20220926-202849 > ERROR: Element: "poweredBy" Location: "Intro" group: "" NOT FOUND
20220926-202855 > ERROR: Location "Intro" was NOT found (page: SEC Dealer Portal)
20220926-202855 > ERROR: No elements were found matching "poweredBy" 
20220926-202855 > ERROR: Element: "poweredBy" Location: "Intro" group: "" NOT FOUND
20220926-202901 > ERROR: No elements were found matching "phone" WITH group: "2"
20220926-202901 > ERROR: Element: "phone" Location: "Medium" group: "2" NOT FOUND
20220926-202901 > ERROR: No elements were found matching "social_linkedin" WITH group: "10"
20220926-202901 > ERROR: Element: "social_linkedin" Location: "Medium" group: "10" NOT FOUND
20220926-203012 > ERROR: No elements were found matching "phone" WITH group: "2"
20220926-203012 > ERROR: Element: "phone" Location: "Medium" group: "2" NOT FOUND
20220926-203012 > ERROR: No elements were found matching "social_linkedin" WITH group: "10"
20220926-203012 > ERROR: Element: "social_linkedin" Location: "Medium" group: "10" NOT FOUND
20220926-203037 > ERROR: No elements were found matching "link3" WITH group: "2"
20220926-203037 > ERROR: Element: "link3" Location: "Support" group: "2" NOT FOUND
20220926-203037 > ERROR: No elements were found matching "text" WITH group: "2"
20220926-203037 > ERROR: Element: "text" Location: "Support" group: "2" NOT FOUND
20220926-203037 > ERROR: No elements were found matching "link1" WITH group: "3"
20220926-203037 > ERROR: Element: "link1" Location: "Support" group: "3" NOT FOUND
20220926-203037 > ERROR: No elements were found matching "href" WITH group: "3"
20220926-203037 > ERROR: Element: "href" Location: "Support" group: "3" NOT FOUND
20220926-203037 > ERROR: No elements were found matching "link2" WITH group: "3"
20220926-203037 > ERROR: Element: "link2" Location: "Support" group: "3" NOT FOUND
20220926-203037 > ERROR: No elements were found matching "link3" WITH group: "3"
20220926-203037 > ERROR: Element: "link3" Location: "Support" group: "3" NOT FOUND
20220926-203037 > ERROR: No elements were found matching "link1" WITH group: "4"
20220926-203037 > ERROR: Element: "link1" Location: "Support" group: "4" NOT FOUND
20220926-203037 > ERROR: No elements were found matching "text" WITH group: "4"
20220926-203037 > ERROR: Element: "text" Location: "Support" group: "4" NOT FOUND
20220926-203037 > ERROR: No elements were found matching "link" WITHOUT group: ""
20220926-203037 > ERROR: Element: "link" Location: "Banner" group: "" NOT FOUND